[0.174s] DEBUG:colcon:Command line arguments: ['/usr/bin/colcon', 'build']
[0.174s] DEBUG:colcon:Parsed command line arguments: Namespace(log_base=None, log_level=None, verb_name='build', build_base='build', install_base='install', merge_install=False, symlink_install=False, test_result_base=None, continue_on_error=False, executor='parallel', parallel_workers=16, event_handlers=None, ignore_user_meta=False, metas=['./colcon.meta'], base_paths=['.'], packages_ignore=None, packages_ignore_regex=None, paths=None, packages_up_to=None, packages_up_to_regex=None, packages_above=None, packages_above_and_dependencies=None, packages_above_depth=None, packages_select_by_dep=None, packages_skip_by_dep=None, packages_skip_up_to=None, packages_select_build_failed=False, packages_skip_build_finished=False, packages_select_test_failures=False, packages_skip_test_passed=False, packages_select=None, packages_skip=None, packages_select_regex=None, packages_skip_regex=None, packages_start=None, packages_end=None, allow_overriding=[], cmake_args=None, cmake_target=None, cmake_target_skip_unavailable=False, cmake_clean_cache=False, cmake_clean_first=False, cmake_force_configure=False, ament_cmake_args=None, catkin_cmake_args=None, catkin_skip_building_tests=False, verb_parser=<colcon_defaults.argument_parser.defaults.DefaultArgumentsDecorator object at 0x7fd36c3f8340>, verb_extension=<colcon_core.verb.build.BuildVerb object at 0x7fd36c3cfd90>, main=<bound method BuildVerb.main of <colcon_core.verb.build.BuildVerb object at 0x7fd36c3cfd90>>)
[0.216s] Level 1:colcon.colcon_core.package_discovery:discover_packages(colcon_meta) check parameters
[0.217s] Level 1:colcon.colcon_core.package_discovery:discover_packages(recursive) check parameters
[0.217s] Level 1:colcon.colcon_core.package_discovery:discover_packages(ignore) check parameters
[0.217s] Level 1:colcon.colcon_core.package_discovery:discover_packages(path) check parameters
[0.217s] Level 1:colcon.colcon_core.package_discovery:discover_packages(colcon_meta) discover
[0.217s] Level 1:colcon.colcon_core.package_discovery:discover_packages(recursive) discover
[0.217s] INFO:colcon.colcon_core.package_discovery:Crawling recursively for packages in '/home/ilya22/ros2_humble/src/my_box_bot_gazebo'
[0.217s] Level 1:colcon.colcon_core.package_identification:_identify(.) by extensions ['ignore', 'ignore_ament_install']
[0.217s] Level 1:colcon.colcon_core.package_identification:_identify(.) by extension 'ignore'
[0.217s] Level 1:colcon.colcon_core.package_identification:_identify(.) by extension 'ignore_ament_install'
[0.217s] Level 1:colcon.colcon_core.package_identification:_identify(.) by extensions ['colcon_pkg']
[0.217s] Level 1:colcon.colcon_core.package_identification:_identify(.) by extension 'colcon_pkg'
[0.217s] Level 1:colcon.colcon_core.package_identification:_identify(.) by extensions ['colcon_meta']
[0.217s] Level 1:colcon.colcon_core.package_identification:_identify(.) by extension 'colcon_meta'
[0.217s] Level 1:colcon.colcon_core.package_identification:_identify(.) by extensions ['ros']
[0.217s] Level 1:colcon.colcon_core.package_identification:_identify(.) by extension 'ros'
[0.233s] DEBUG:colcon.colcon_core.package_identification:Package '.' with type 'ros.ament_cmake' and name 'my_box_bot_gazebo'
[0.233s] Level 1:colcon.colcon_core.package_discovery:discover_packages(recursive) using defaults
[0.233s] Level 1:colcon.colcon_core.package_discovery:discover_packages(ignore) discover
[0.233s] Level 1:colcon.colcon_core.package_discovery:discover_packages(ignore) using defaults
[0.233s] Level 1:colcon.colcon_core.package_discovery:discover_packages(path) discover
[0.233s] Level 1:colcon.colcon_core.package_discovery:discover_packages(path) using defaults
[0.257s] Level 1:colcon.colcon_core.package_discovery:discover_packages(prefix_path) check parameters
[0.257s] Level 1:colcon.colcon_core.package_discovery:discover_packages(prefix_path) discover
[0.261s] DEBUG:colcon.colcon_installed_package_information.package_discovery:Found 13 installed packages in /home/ilya22/ros2_humble/install
[0.263s] DEBUG:colcon.colcon_installed_package_information.package_discovery:Found 369 installed packages in /opt/ros/humble
[0.265s] Level 1:colcon.colcon_core.package_discovery:discover_packages(prefix_path) using defaults
[0.321s] Level 5:colcon.colcon_core.verb:set package 'my_box_bot_gazebo' build argument 'cmake_args' from command line to 'None'
[0.321s] Level 5:colcon.colcon_core.verb:set package 'my_box_bot_gazebo' build argument 'cmake_target' from command line to 'None'
[0.321s] Level 5:colcon.colcon_core.verb:set package 'my_box_bot_gazebo' build argument 'cmake_target_skip_unavailable' from command line to 'False'
[0.321s] Level 5:colcon.colcon_core.verb:set package 'my_box_bot_gazebo' build argument 'cmake_clean_cache' from command line to 'False'
[0.321s] Level 5:colcon.colcon_core.verb:set package 'my_box_bot_gazebo' build argument 'cmake_clean_first' from command line to 'False'
[0.321s] Level 5:colcon.colcon_core.verb:set package 'my_box_bot_gazebo' build argument 'cmake_force_configure' from command line to 'False'
[0.321s] Level 5:colcon.colcon_core.verb:set package 'my_box_bot_gazebo' build argument 'ament_cmake_args' from command line to 'None'
[0.321s] Level 5:colcon.colcon_core.verb:set package 'my_box_bot_gazebo' build argument 'catkin_cmake_args' from command line to 'None'
[0.321s] Level 5:colcon.colcon_core.verb:set package 'my_box_bot_gazebo' build argument 'catkin_skip_building_tests' from command line to 'False'
[0.321s] DEBUG:colcon.colcon_core.verb:Building package 'my_box_bot_gazebo' with the following arguments: {'ament_cmake_args': None, 'build_base': '/home/ilya22/ros2_humble/src/my_box_bot_gazebo/build/my_box_bot_gazebo', 'catkin_cmake_args': None, 'catkin_skip_building_tests': False, 'cmake_args': None, 'cmake_clean_cache': False, 'cmake_clean_first': False, 'cmake_force_configure': False, 'cmake_target': None, 'cmake_target_skip_unavailable': False, 'install_base': '/home/ilya22/ros2_humble/src/my_box_bot_gazebo/install/my_box_bot_gazebo', 'merge_install': False, 'path': '/home/ilya22/ros2_humble/src/my_box_bot_gazebo', 'symlink_install': False, 'test_result_base': None}
[0.322s] INFO:colcon.colcon_core.executor:Executing jobs using 'parallel' executor
[0.325s] DEBUG:colcon.colcon_parallel_executor.executor.parallel:run_until_complete
[0.325s] INFO:colcon.colcon_ros.task.ament_cmake.build:Building ROS package in '/home/ilya22/ros2_humble/src/my_box_bot_gazebo' with build type 'ament_cmake'
[0.325s] INFO:colcon.colcon_cmake.task.cmake.build:Building CMake package in '/home/ilya22/ros2_humble/src/my_box_bot_gazebo'
[0.329s] INFO:colcon.colcon_core.plugin_system:Skipping extension 'colcon_core.shell.bat': Not used on non-Windows systems
[0.330s] INFO:colcon.colcon_core.shell:Skip shell extension 'powershell' for command environment: Not usable outside of PowerShell
[0.330s] DEBUG:colcon.colcon_core.shell:Skip shell extension 'dsv' for command environment
[0.341s] DEBUG:colcon.colcon_core.event_handler.log_command:Invoking command in '/home/ilya22/ros2_humble/src/my_box_bot_gazebo/build/my_box_bot_gazebo': CMAKE_PREFIX_PATH=${CMAKE_PREFIX_PATH}:/home/ilya22/ros2_humble/install/gazebo_noiser:/opt/ros/humble /usr/bin/cmake --build /home/ilya22/ros2_humble/src/my_box_bot_gazebo/build/my_box_bot_gazebo -- -j16 -l16
[0.424s] DEBUG:colcon.colcon_core.event_handler.log_command:Invoked command in '/home/ilya22/ros2_humble/src/my_box_bot_gazebo/build/my_box_bot_gazebo' returned '0': CMAKE_PREFIX_PATH=${CMAKE_PREFIX_PATH}:/home/ilya22/ros2_humble/install/gazebo_noiser:/opt/ros/humble /usr/bin/cmake --build /home/ilya22/ros2_humble/src/my_box_bot_gazebo/build/my_box_bot_gazebo -- -j16 -l16
[0.451s] DEBUG:colcon.colcon_core.event_handler.log_command:Invoking command in '/home/ilya22/ros2_humble/src/my_box_bot_gazebo/build/my_box_bot_gazebo': CMAKE_PREFIX_PATH=${CMAKE_PREFIX_PATH}:/home/ilya22/ros2_humble/install/gazebo_noiser:/opt/ros/humble /usr/bin/cmake --install /home/ilya22/ros2_humble/src/my_box_bot_gazebo/build/my_box_bot_gazebo
[0.461s] Level 1:colcon.colcon_core.environment:create_environment_scripts_only(my_box_bot_gazebo)
[0.465s] DEBUG:colcon.colcon_core.event_handler.log_command:Invoked command in '/home/ilya22/ros2_humble/src/my_box_bot_gazebo/build/my_box_bot_gazebo' returned '0': CMAKE_PREFIX_PATH=${CMAKE_PREFIX_PATH}:/home/ilya22/ros2_humble/install/gazebo_noiser:/opt/ros/humble /usr/bin/cmake --install /home/ilya22/ros2_humble/src/my_box_bot_gazebo/build/my_box_bot_gazebo
[0.471s] Level 1:colcon.colcon_core.environment:checking '/home/ilya22/ros2_humble/src/my_box_bot_gazebo/install/my_box_bot_gazebo' for CMake module files
[0.471s] Level 1:colcon.colcon_core.environment:checking '/home/ilya22/ros2_humble/src/my_box_bot_gazebo/install/my_box_bot_gazebo' for CMake config files
[0.472s] Level 1:colcon.colcon_core.shell:create_environment_hook('my_box_bot_gazebo', 'cmake_prefix_path')
[0.473s] INFO:colcon.colcon_core.shell:Creating environment hook '/home/ilya22/ros2_humble/src/my_box_bot_gazebo/install/my_box_bot_gazebo/share/my_box_bot_gazebo/hook/cmake_prefix_path.ps1'
[0.475s] INFO:colcon.colcon_core.shell:Creating environment descriptor '/home/ilya22/ros2_humble/src/my_box_bot_gazebo/install/my_box_bot_gazebo/share/my_box_bot_gazebo/hook/cmake_prefix_path.dsv'
[0.475s] INFO:colcon.colcon_core.shell:Creating environment hook '/home/ilya22/ros2_humble/src/my_box_bot_gazebo/install/my_box_bot_gazebo/share/my_box_bot_gazebo/hook/cmake_prefix_path.sh'
[0.476s] Level 1:colcon.colcon_core.environment:checking '/home/ilya22/ros2_humble/src/my_box_bot_gazebo/install/my_box_bot_gazebo/lib'
[0.476s] Level 1:colcon.colcon_core.environment:checking '/home/ilya22/ros2_humble/src/my_box_bot_gazebo/install/my_box_bot_gazebo/bin'
[0.476s] Level 1:colcon.colcon_core.environment:checking '/home/ilya22/ros2_humble/src/my_box_bot_gazebo/install/my_box_bot_gazebo/lib/pkgconfig/my_box_bot_gazebo.pc'
[0.477s] Level 1:colcon.colcon_core.environment:checking '/home/ilya22/ros2_humble/src/my_box_bot_gazebo/install/my_box_bot_gazebo/lib/python3.10/site-packages'
[0.477s] Level 1:colcon.colcon_core.environment:checking '/home/ilya22/ros2_humble/src/my_box_bot_gazebo/install/my_box_bot_gazebo/bin'
[0.478s] INFO:colcon.colcon_core.shell:Creating package script '/home/ilya22/ros2_humble/src/my_box_bot_gazebo/install/my_box_bot_gazebo/share/my_box_bot_gazebo/package.ps1'
[0.479s] INFO:colcon.colcon_core.shell:Creating package descriptor '/home/ilya22/ros2_humble/src/my_box_bot_gazebo/install/my_box_bot_gazebo/share/my_box_bot_gazebo/package.dsv'
[0.479s] INFO:colcon.colcon_core.shell:Creating package script '/home/ilya22/ros2_humble/src/my_box_bot_gazebo/install/my_box_bot_gazebo/share/my_box_bot_gazebo/package.sh'
[0.480s] INFO:colcon.colcon_core.shell:Creating package script '/home/ilya22/ros2_humble/src/my_box_bot_gazebo/install/my_box_bot_gazebo/share/my_box_bot_gazebo/package.bash'
[0.480s] INFO:colcon.colcon_core.shell:Creating package script '/home/ilya22/ros2_humble/src/my_box_bot_gazebo/install/my_box_bot_gazebo/share/my_box_bot_gazebo/package.zsh'
[0.481s] Level 1:colcon.colcon_core.environment:create_file_with_runtime_dependencies(/home/ilya22/ros2_humble/src/my_box_bot_gazebo/install/my_box_bot_gazebo/share/colcon-core/packages/my_box_bot_gazebo)
[0.504s] Level 1:colcon.colcon_core.environment:create_environment_scripts_only(my_box_bot_gazebo)
[0.506s] Level 1:colcon.colcon_core.environment:checking '/home/ilya22/ros2_humble/src/my_box_bot_gazebo/install/my_box_bot_gazebo' for CMake module files
[0.506s] Level 1:colcon.colcon_core.environment:checking '/home/ilya22/ros2_humble/src/my_box_bot_gazebo/install/my_box_bot_gazebo' for CMake config files
[0.506s] Level 1:colcon.colcon_core.shell:create_environment_hook('my_box_bot_gazebo', 'cmake_prefix_path')
[0.507s] INFO:colcon.colcon_core.shell:Creating environment hook '/home/ilya22/ros2_humble/src/my_box_bot_gazebo/install/my_box_bot_gazebo/share/my_box_bot_gazebo/hook/cmake_prefix_path.ps1'
[0.508s] INFO:colcon.colcon_core.shell:Creating environment descriptor '/home/ilya22/ros2_humble/src/my_box_bot_gazebo/install/my_box_bot_gazebo/share/my_box_bot_gazebo/hook/cmake_prefix_path.dsv'
[0.508s] INFO:colcon.colcon_core.shell:Creating environment hook '/home/ilya22/ros2_humble/src/my_box_bot_gazebo/install/my_box_bot_gazebo/share/my_box_bot_gazebo/hook/cmake_prefix_path.sh'
[0.508s] Level 1:colcon.colcon_core.environment:checking '/home/ilya22/ros2_humble/src/my_box_bot_gazebo/install/my_box_bot_gazebo/lib'
[0.509s] Level 1:colcon.colcon_core.environment:checking '/home/ilya22/ros2_humble/src/my_box_bot_gazebo/install/my_box_bot_gazebo/bin'
[0.509s] Level 1:colcon.colcon_core.environment:checking '/home/ilya22/ros2_humble/src/my_box_bot_gazebo/install/my_box_bot_gazebo/lib/pkgconfig/my_box_bot_gazebo.pc'
[0.509s] Level 1:colcon.colcon_core.environment:checking '/home/ilya22/ros2_humble/src/my_box_bot_gazebo/install/my_box_bot_gazebo/lib/python3.10/site-packages'
[0.509s] Level 1:colcon.colcon_core.environment:checking '/home/ilya22/ros2_humble/src/my_box_bot_gazebo/install/my_box_bot_gazebo/bin'
[0.510s] INFO:colcon.colcon_core.shell:Creating package script '/home/ilya22/ros2_humble/src/my_box_bot_gazebo/install/my_box_bot_gazebo/share/my_box_bot_gazebo/package.ps1'
[0.510s] INFO:colcon.colcon_core.shell:Creating package descriptor '/home/ilya22/ros2_humble/src/my_box_bot_gazebo/install/my_box_bot_gazebo/share/my_box_bot_gazebo/package.dsv'
[0.511s] INFO:colcon.colcon_core.shell:Creating package script '/home/ilya22/ros2_humble/src/my_box_bot_gazebo/install/my_box_bot_gazebo/share/my_box_bot_gazebo/package.sh'
[0.511s] INFO:colcon.colcon_core.shell:Creating package script '/home/ilya22/ros2_humble/src/my_box_bot_gazebo/install/my_box_bot_gazebo/share/my_box_bot_gazebo/package.bash'
[0.511s] INFO:colcon.colcon_core.shell:Creating package script '/home/ilya22/ros2_humble/src/my_box_bot_gazebo/install/my_box_bot_gazebo/share/my_box_bot_gazebo/package.zsh'
[0.511s] Level 1:colcon.colcon_core.environment:create_file_with_runtime_dependencies(/home/ilya22/ros2_humble/src/my_box_bot_gazebo/install/my_box_bot_gazebo/share/colcon-core/packages/my_box_bot_gazebo)
[0.512s] DEBUG:colcon.colcon_parallel_executor.executor.parallel:closing loop
[0.512s] DEBUG:colcon.colcon_parallel_executor.executor.parallel:loop closed
[0.512s] DEBUG:colcon.colcon_parallel_executor.executor.parallel:run_until_complete finished with '0'
[0.512s] DEBUG:colcon.colcon_core.event_reactor:joining thread
[0.526s] INFO:colcon.colcon_core.plugin_system:Skipping extension 'colcon_notification.desktop_notification.terminal_notifier': Not used on non-Darwin systems
[0.526s] INFO:colcon.colcon_core.plugin_system:Skipping extension 'colcon_notification.desktop_notification.win32': Not used on non-Windows systems
[0.526s] INFO:colcon.colcon_notification.desktop_notification:Sending desktop notification using 'notify2'
[0.540s] DEBUG:colcon.colcon_core.event_reactor:joined thread
[0.542s] INFO:colcon.colcon_core.shell:Creating prefix script '/home/ilya22/ros2_humble/src/my_box_bot_gazebo/install/local_setup.ps1'
[0.543s] INFO:colcon.colcon_core.shell:Creating prefix util module '/home/ilya22/ros2_humble/src/my_box_bot_gazebo/install/_local_setup_util_ps1.py'
[0.544s] INFO:colcon.colcon_core.shell:Creating prefix chain script '/home/ilya22/ros2_humble/src/my_box_bot_gazebo/install/setup.ps1'
[0.546s] INFO:colcon.colcon_core.shell:Creating prefix script '/home/ilya22/ros2_humble/src/my_box_bot_gazebo/install/local_setup.sh'
[0.546s] INFO:colcon.colcon_core.shell:Creating prefix util module '/home/ilya22/ros2_humble/src/my_box_bot_gazebo/install/_local_setup_util_sh.py'
[0.546s] INFO:colcon.colcon_core.shell:Creating prefix chain script '/home/ilya22/ros2_humble/src/my_box_bot_gazebo/install/setup.sh'
[0.548s] INFO:colcon.colcon_core.shell:Creating prefix script '/home/ilya22/ros2_humble/src/my_box_bot_gazebo/install/local_setup.bash'
[0.548s] INFO:colcon.colcon_core.shell:Creating prefix chain script '/home/ilya22/ros2_humble/src/my_box_bot_gazebo/install/setup.bash'
[0.550s] INFO:colcon.colcon_core.shell:Creating prefix script '/home/ilya22/ros2_humble/src/my_box_bot_gazebo/install/local_setup.zsh'
[0.550s] INFO:colcon.colcon_core.shell:Creating prefix chain script '/home/ilya22/ros2_humble/src/my_box_bot_gazebo/install/setup.zsh'
