[0.015s] Invoking command in '/home/ilya22/ros2_humble/src/my_box_bot_gazebo/build/my_box_bot_gazebo': CMAKE_PREFIX_PATH=${CMAKE_PREFIX_PATH}:/home/ilya22/ros2_humble/install/robocross:/home/ilya22/ros2_humble/install/gazebo_noiser:/opt/ros/humble /usr/bin/cmake --build /home/ilya22/ros2_humble/src/my_box_bot_gazebo/build/my_box_bot_gazebo -- -j16 -l16
[0.050s] -- Found ament_cmake: 1.3.3 (/opt/ros/humble/share/ament_cmake/cmake)
[0.223s] -- Found rclpy: 3.3.5 (/opt/ros/humble/share/rclpy/cmake)
[0.230s] -- Found gazebo_ros: 3.7.0 (/opt/ros/humble/share/gazebo_ros/cmake)
[0.303s] -- Found rosidl_generator_c: 3.1.4 (/opt/ros/humble/share/rosidl_generator_c/cmake)
[0.309s] -- Found rosidl_adapter: 3.1.4 (/opt/ros/humble/share/rosidl_adapter/cmake)
[0.320s] -- Found rosidl_generator_cpp: 3.1.4 (/opt/ros/humble/share/rosidl_generator_cpp/cmake)
[0.336s] -- Using all available rosidl_typesupport_c: rosidl_typesupport_fastrtps_c;rosidl_typesupport_introspection_c
[0.357s] -- Using all available rosidl_typesupport_cpp: rosidl_typesupport_fastrtps_cpp;rosidl_typesupport_introspection_cpp
[0.426s] -- Found rmw_implementation_cmake: 6.1.1 (/opt/ros/humble/share/rmw_implementation_cmake/cmake)
[0.430s] -- Found rmw_fastrtps_cpp: 6.2.2 (/opt/ros/humble/share/rmw_fastrtps_cpp/cmake)
[0.545s] -- Found OpenSSL: /usr/lib/x86_64-linux-gnu/libcrypto.so (found version "3.0.2")  
[0.571s] -- Found FastRTPS: /opt/ros/humble/include  
[0.615s] -- Using RMW implementation 'rmw_fastrtps_cpp' as default
[0.627s] -- Looking for pthread.h
[0.700s] -- Looking for pthread.h - found
[0.701s] -- Performing Test CMAKE_HAVE_LIBC_PTHREAD
[0.806s] -- Performing Test CMAKE_HAVE_LIBC_PTHREAD - Success
[0.807s] -- Found Threads: TRUE  
[0.981s] -- Found PkgConfig: /usr/bin/pkg-config (found version "0.29.2") 
[0.983s] -- Checking for module 'bullet>=2.82'
[1.001s] --   Found bullet, version 3.05
[1.129s] -- Found fcl: /usr/include (found suitable version "0.7.0", minimum required is "0.5.0") 
[1.187s] -- Found assimp: /usr/include (found version "5.2.0") 
[1.219s] -- Found DART: /usr/include (Required is at least version "6.6") found components: dart 
[1.262s] -- Found Boost: /usr/lib/x86_64-linux-gnu/cmake/Boost-1.74.0/BoostConfig.cmake (found suitable version "1.74.0", minimum required is "1.40.0") found components: thread system filesystem program_options regex iostreams date_time 
[1.283s] -- Found Protobuf: /usr/lib/x86_64-linux-gnu/libprotobuf.so (found version "3.12.4") 
[1.290s] -- Looking for ignition-math6 -- found version 6.12.0
[1.299s] -- Searching for dependencies of ignition-math6
[1.300s] -- Looking for OGRE...
[1.300s] -- OGRE_PREFIX_WATCH changed.
[1.308s] -- Checking for module 'OGRE'
[1.327s] --   Found OGRE, version 1.9.0
[1.377s] -- Found Ogre Ghadamon (1.9.0)
[1.392s] -- Found OGRE: optimized;/usr/lib/x86_64-linux-gnu/libOgreMain.so;debug;/usr/lib/x86_64-linux-gnu/libOgreMain.so
[1.412s] -- Looking for OGRE_Paging...
[1.420s] -- Found OGRE_Paging: optimized;/usr/lib/x86_64-linux-gnu/libOgrePaging.so;debug;/usr/lib/x86_64-linux-gnu/libOgrePaging.so
[1.420s] -- Looking for OGRE_Terrain...
[1.425s] -- Found OGRE_Terrain: optimized;/usr/lib/x86_64-linux-gnu/libOgreTerrain.so;debug;/usr/lib/x86_64-linux-gnu/libOgreTerrain.so
[1.425s] -- Looking for OGRE_Property...
[1.430s] -- Found OGRE_Property: optimized;/usr/lib/x86_64-linux-gnu/libOgreProperty.so;debug;/usr/lib/x86_64-linux-gnu/libOgreProperty.so
[1.430s] -- Looking for OGRE_RTShaderSystem...
[1.435s] -- Found OGRE_RTShaderSystem: optimized;/usr/lib/x86_64-linux-gnu/libOgreRTShaderSystem.so;debug;/usr/lib/x86_64-linux-gnu/libOgreRTShaderSystem.so
[1.435s] -- Looking for OGRE_Volume...
[1.440s] -- Found OGRE_Volume: optimized;/usr/lib/x86_64-linux-gnu/libOgreVolume.so;debug;/usr/lib/x86_64-linux-gnu/libOgreVolume.so
[1.440s] -- Looking for OGRE_Overlay...
[1.445s] -- Found OGRE_Overlay: optimized;/usr/lib/x86_64-linux-gnu/libOgreOverlay.so;debug;/usr/lib/x86_64-linux-gnu/libOgreOverlay.so
[1.555s] -- Looking for ignition-math6 -- found version 6.12.0
[1.559s] -- Looking for ignition-transport8 -- found version 8.2.1
[1.559s] -- Searching for dependencies of ignition-transport8
[1.579s] -- Found Protobuf: /usr/lib/x86_64-linux-gnu/libprotobuf.so (found suitable version "3.12.4", minimum required is "3") 
[1.589s] -- Config-file not installed for ZeroMQ -- checking for pkg-config
[1.595s] -- Checking for module 'libzmq >= 4'
[1.611s] --   Found libzmq , version 4.3.4
[1.659s] -- Found ZeroMQ: TRUE (Required is at least version "4") 
[1.670s] -- Checking for module 'uuid'
[1.686s] --   Found uuid, version 2.37.2
[1.730s] -- Found UUID: TRUE  
[1.736s] -- Looking for ignition-msgs5 -- found version 5.8.1
[1.737s] -- Searching for dependencies of ignition-msgs5
[1.774s] -- Looking for ignition-math6 -- found version 6.12.0
[1.780s] -- Checking for module 'tinyxml2'
[1.793s] --   Found tinyxml2, version 9.0.0
[1.836s] -- Looking for ignition-msgs5 -- found version 5.8.1
[1.842s] -- Looking for ignition-common3 -- found version 3.14.0
[1.842s] -- Searching for dependencies of ignition-common3
[1.843s] -- Looking for dlfcn.h - found
[1.845s] -- Looking for libdl - found
[1.847s] -- Found DL: TRUE  
[1.860s] -- Found tinyobjloader: /usr/lib/x86_64-linux-gnu/cmake/tinyobjloader/tinyobjloader-config.cmake (found version "2.0.0") 
[1.861s] -- Searching for <ignition-common3> component [graphics]
[1.863s] -- Looking for ignition-common3-graphics -- found version 3.14.0
[1.863s] -- Searching for dependencies of ignition-common3-graphics
[1.864s] -- Looking for ignition-math6 -- found version 6.12.0
[1.867s] -- Looking for ignition-fuel_tools4 -- found version 4.4.0
[1.867s] -- Searching for dependencies of ignition-fuel_tools4
[1.957s] -- Found CURL: /usr/lib/x86_64-linux-gnu/libcurl.so (found version "7.81.0")  
[1.971s] -- Checking for module 'jsoncpp'
[1.988s] --   Found jsoncpp, version 1.9.5
[2.019s] -- Found JSONCPP: TRUE  
[2.025s] -- Checking for module 'libzip'
[2.041s] --   Found libzip, version 1.7.3
[2.080s] -- Found ZIP: TRUE  
[2.081s] -- Looking for ignition-common3 -- found version 3.14.0
[2.081s] -- Looking for ignition-math6 -- found version 6.12.0
[2.082s] -- Looking for ignition-msgs5 -- found version 5.8.1
[2.090s] -- Gazebo version: 11.10
[2.091s] -- Checking for module 'tbb'
[2.108s] --   Found tbb, version 2021.5.0
[2.160s] [31mCMake Error at CMakeLists.txt:12 (find_package):
[2.160s]   By not providing "Findmy_box_bot_description.cmake" in CMAKE_MODULE_PATH
[2.160s]   this project has asked CMake to find a package configuration file provided
[2.160s]   by "my_box_bot_description", but CMake did not find one.
[2.160s] 
[2.160s]   Could not find a package configuration file provided by
[2.161s]   "my_box_bot_description" with any of the following names:
[2.161s] 
[2.161s]     my_box_bot_descriptionConfig.cmake
[2.161s]     my_box_bot_description-config.cmake
[2.161s] 
[2.161s]   Add the installation prefix of "my_box_bot_description" to
[2.161s]   CMAKE_PREFIX_PATH or set "my_box_bot_description_DIR" to a directory
[2.161s]   containing one of the above files.  If "my_box_bot_description" provides a
[2.161s]   separate development package or SDK, be sure it has been installed.
[2.161s] 
[2.161s] [0m
[2.162s] -- Configuring incomplete, errors occurred!
[2.162s] See also "/home/ilya22/ros2_humble/src/my_box_bot_gazebo/build/my_box_bot_gazebo/CMakeFiles/CMakeOutput.log".
[2.167s] gmake: *** [Makefile:226: cmake_check_build_system] Error 1
[2.170s] Invoked command in '/home/ilya22/ros2_humble/src/my_box_bot_gazebo/build/my_box_bot_gazebo' returned '2': CMAKE_PREFIX_PATH=${CMAKE_PREFIX_PATH}:/home/ilya22/ros2_humble/install/robocross:/home/ilya22/ros2_humble/install/gazebo_noiser:/opt/ros/humble /usr/bin/cmake --build /home/ilya22/ros2_humble/src/my_box_bot_gazebo/build/my_box_bot_gazebo -- -j16 -l16
