[0.015s] Invoking command in '/home/ilya22/ros2_humble/src/my_box_bot_gazebo/build/my_box_bot_gazebo': CMAKE_PREFIX_PATH=${CMAKE_PREFIX_PATH}:/home/ilya22/ros2_humble/install/gazebo_noiser:/opt/ros/humble /usr/bin/cmake --build /home/ilya22/ros2_humble/src/my_box_bot_gazebo/build/my_box_bot_gazebo -- -j16 -l16
[0.098s] Invoked command in '/home/ilya22/ros2_humble/src/my_box_bot_gazebo/build/my_box_bot_gazebo' returned '0': CMAKE_PREFIX_PATH=${CMAKE_PREFIX_PATH}:/home/ilya22/ros2_humble/install/gazebo_noiser:/opt/ros/humble /usr/bin/cmake --build /home/ilya22/ros2_humble/src/my_box_bot_gazebo/build/my_box_bot_gazebo -- -j16 -l16
[0.125s] Invoking command in '/home/ilya22/ros2_humble/src/my_box_bot_gazebo/build/my_box_bot_gazebo': CMAKE_PREFIX_PATH=${CMAKE_PREFIX_PATH}:/home/ilya22/ros2_humble/install/gazebo_noiser:/opt/ros/humble /usr/bin/cmake --install /home/ilya22/ros2_humble/src/my_box_bot_gazebo/build/my_box_bot_gazebo
[0.131s] -- Install configuration: ""
[0.131s] -- Up-to-date: /home/ilya22/ros2_humble/src/my_box_bot_gazebo/install/my_box_bot_gazebo/lib/my_box_bot_gazebo/teleop.py
[0.131s] -- Up-to-date: /home/ilya22/ros2_humble/src/my_box_bot_gazebo/install/my_box_bot_gazebo/share/my_box_bot_gazebo//launch
[0.131s] -- Up-to-date: /home/ilya22/ros2_humble/src/my_box_bot_gazebo/install/my_box_bot_gazebo/share/my_box_bot_gazebo//launch/start_world.launch.py
[0.131s] -- Up-to-date: /home/ilya22/ros2_humble/src/my_box_bot_gazebo/install/my_box_bot_gazebo/share/my_box_bot_gazebo//launch/spawn_robot_ros2.launch.xml
[0.132s] -- Up-to-date: /home/ilya22/ros2_humble/src/my_box_bot_gazebo/install/my_box_bot_gazebo/share/my_box_bot_gazebo//launch/spawn_robot_description.launch.py
[0.132s] -- Up-to-date: /home/ilya22/ros2_humble/src/my_box_bot_gazebo/install/my_box_bot_gazebo/share/my_box_bot_gazebo//launch/publish_urdf.launch.py
[0.132s] -- Up-to-date: /home/ilya22/ros2_humble/src/my_box_bot_gazebo/install/my_box_bot_gazebo/share/my_box_bot_gazebo//worlds
[0.132s] -- Up-to-date: /home/ilya22/ros2_humble/src/my_box_bot_gazebo/install/my_box_bot_gazebo/share/my_box_bot_gazebo//worlds/box_bot_empty.world
[0.132s] -- Up-to-date: /home/ilya22/ros2_humble/src/my_box_bot_gazebo/install/my_box_bot_gazebo/share/my_box_bot_gazebo//models
[0.132s] -- Up-to-date: /home/ilya22/ros2_humble/src/my_box_bot_gazebo/install/my_box_bot_gazebo/share/my_box_bot_gazebo//models/urdf_autocar
[0.132s] -- Up-to-date: /home/ilya22/ros2_humble/src/my_box_bot_gazebo/install/my_box_bot_gazebo/share/my_box_bot_gazebo//models/urdf_autocar/urdf
[0.133s] -- Up-to-date: /home/ilya22/ros2_humble/src/my_box_bot_gazebo/install/my_box_bot_gazebo/share/my_box_bot_gazebo//models/urdf_autocar/urdf/autocar.xacro
[0.133s] -- Up-to-date: /home/ilya22/ros2_humble/src/my_box_bot_gazebo/install/my_box_bot_gazebo/share/my_box_bot_gazebo//models/urdf_autocar/meshes
[0.133s] -- Up-to-date: /home/ilya22/ros2_humble/src/my_box_bot_gazebo/install/my_box_bot_gazebo/share/my_box_bot_gazebo//models/urdf_autocar/meshes/chassis_link.stl
[0.133s] -- Up-to-date: /home/ilya22/ros2_humble/src/my_box_bot_gazebo/install/my_box_bot_gazebo/share/my_box_bot_gazebo//models/urdf_autocar/meshes/br_1.stl
[0.133s] -- Up-to-date: /home/ilya22/ros2_humble/src/my_box_bot_gazebo/install/my_box_bot_gazebo/share/my_box_bot_gazebo//models/urdf_autocar/meshes/hokuyo.dae
[0.133s] -- Up-to-date: /home/ilya22/ros2_humble/src/my_box_bot_gazebo/install/my_box_bot_gazebo/share/my_box_bot_gazebo//models/urdf_autocar/meshes/fr_1.stl
[0.133s] -- Up-to-date: /home/ilya22/ros2_humble/src/my_box_bot_gazebo/install/my_box_bot_gazebo/share/my_box_bot_gazebo//models/urdf_autocar/meshes/bl_1.stl
[0.133s] -- Up-to-date: /home/ilya22/ros2_humble/src/my_box_bot_gazebo/install/my_box_bot_gazebo/share/my_box_bot_gazebo//models/urdf_autocar/meshes/lds.dae
[0.133s] -- Up-to-date: /home/ilya22/ros2_humble/src/my_box_bot_gazebo/install/my_box_bot_gazebo/share/my_box_bot_gazebo//models/urdf_autocar/meshes/chassis_link2.stl
[0.133s] -- Up-to-date: /home/ilya22/ros2_humble/src/my_box_bot_gazebo/install/my_box_bot_gazebo/share/my_box_bot_gazebo//models/urdf_autocar/meshes/tire.dae
[0.133s] -- Up-to-date: /home/ilya22/ros2_humble/src/my_box_bot_gazebo/install/my_box_bot_gazebo/share/my_box_bot_gazebo//models/urdf_autocar/meshes/fl_1.stl
[0.134s] -- Up-to-date: /home/ilya22/ros2_humble/src/my_box_bot_gazebo/install/my_box_bot_gazebo/share/my_box_bot_gazebo//models/box_room
[0.134s] -- Up-to-date: /home/ilya22/ros2_humble/src/my_box_bot_gazebo/install/my_box_bot_gazebo/share/my_box_bot_gazebo//models/box_room/model.sdf
[0.134s] -- Up-to-date: /home/ilya22/ros2_humble/src/my_box_bot_gazebo/install/my_box_bot_gazebo/share/my_box_bot_gazebo//models/box_room/model.config
[0.134s] -- Up-to-date: /home/ilya22/ros2_humble/src/my_box_bot_gazebo/install/my_box_bot_gazebo/share/my_box_bot_gazebo//models/box_room/meshes
[0.134s] -- Up-to-date: /home/ilya22/ros2_humble/src/my_box_bot_gazebo/install/my_box_bot_gazebo/share/my_box_bot_gazebo//models/box_room/meshes/box_room.dae
[0.134s] -- Up-to-date: /home/ilya22/ros2_humble/src/my_box_bot_gazebo/install/my_box_bot_gazebo/share/my_box_bot_gazebo//models/box_room/meshes/chambre.png
[0.134s] -- Up-to-date: /home/ilya22/ros2_humble/src/my_box_bot_gazebo/install/my_box_bot_gazebo/share/my_box_bot_gazebo//models/prius
[0.134s] -- Up-to-date: /home/ilya22/ros2_humble/src/my_box_bot_gazebo/install/my_box_bot_gazebo/share/my_box_bot_gazebo//models/prius/package.xml
[0.134s] -- Up-to-date: /home/ilya22/ros2_humble/src/my_box_bot_gazebo/install/my_box_bot_gazebo/share/my_box_bot_gazebo//models/prius/urdf
[0.135s] -- Up-to-date: /home/ilya22/ros2_humble/src/my_box_bot_gazebo/install/my_box_bot_gazebo/share/my_box_bot_gazebo//models/prius/urdf/prius.urdf
[0.135s] -- Up-to-date: /home/ilya22/ros2_humble/src/my_box_bot_gazebo/install/my_box_bot_gazebo/share/my_box_bot_gazebo//models/prius/meshes
[0.136s] -- Up-to-date: /home/ilya22/ros2_humble/src/my_box_bot_gazebo/install/my_box_bot_gazebo/share/my_box_bot_gazebo//models/prius/meshes/Hybrid.png
[0.136s] -- Up-to-date: /home/ilya22/ros2_humble/src/my_box_bot_gazebo/install/my_box_bot_gazebo/share/my_box_bot_gazebo//models/prius/meshes/Hybrid_Interior.png
[0.136s] -- Up-to-date: /home/ilya22/ros2_humble/src/my_box_bot_gazebo/install/my_box_bot_gazebo/share/my_box_bot_gazebo//models/prius/meshes/wheel.mtl
[0.136s] -- Up-to-date: /home/ilya22/ros2_humble/src/my_box_bot_gazebo/install/my_box_bot_gazebo/share/my_box_bot_gazebo//models/prius/meshes/hybrid_body.obj
[0.136s] -- Up-to-date: /home/ilya22/ros2_humble/src/my_box_bot_gazebo/install/my_box_bot_gazebo/share/my_box_bot_gazebo//models/prius/meshes/Wheels3.png
[0.136s] -- Up-to-date: /home/ilya22/ros2_humble/src/my_box_bot_gazebo/install/my_box_bot_gazebo/share/my_box_bot_gazebo//models/prius/meshes/steering_wheel.obj
[0.136s] -- Up-to-date: /home/ilya22/ros2_humble/src/my_box_bot_gazebo/install/my_box_bot_gazebo/share/my_box_bot_gazebo//models/prius/meshes/hybrid_body.mtl
[0.136s] -- Up-to-date: /home/ilya22/ros2_humble/src/my_box_bot_gazebo/install/my_box_bot_gazebo/share/my_box_bot_gazebo//models/prius/meshes/steering_wheel.mtl
[0.136s] -- Up-to-date: /home/ilya22/ros2_humble/src/my_box_bot_gazebo/install/my_box_bot_gazebo/share/my_box_bot_gazebo//models/prius/meshes/wheel.obj
[0.136s] -- Up-to-date: /home/ilya22/ros2_humble/src/my_box_bot_gazebo/install/my_box_bot_gazebo/share/my_box_bot_gazebo//models/autocar
[0.136s] -- Installing: /home/ilya22/ros2_humble/src/my_box_bot_gazebo/install/my_box_bot_gazebo/share/my_box_bot_gazebo//models/autocar/model.sdf
[0.136s] -- Up-to-date: /home/ilya22/ros2_humble/src/my_box_bot_gazebo/install/my_box_bot_gazebo/share/my_box_bot_gazebo//models/autocar/model.config
[0.137s] -- Up-to-date: /home/ilya22/ros2_humble/src/my_box_bot_gazebo/install/my_box_bot_gazebo/share/my_box_bot_gazebo//models/autocar/meshes
[0.137s] -- Up-to-date: /home/ilya22/ros2_humble/src/my_box_bot_gazebo/install/my_box_bot_gazebo/share/my_box_bot_gazebo//models/autocar/meshes/chassis_link.stl
[0.138s] -- Up-to-date: /home/ilya22/ros2_humble/src/my_box_bot_gazebo/install/my_box_bot_gazebo/share/my_box_bot_gazebo//models/autocar/meshes/br_1.stl
[0.138s] -- Up-to-date: /home/ilya22/ros2_humble/src/my_box_bot_gazebo/install/my_box_bot_gazebo/share/my_box_bot_gazebo//models/autocar/meshes/spoiler.stl
[0.138s] -- Up-to-date: /home/ilya22/ros2_humble/src/my_box_bot_gazebo/install/my_box_bot_gazebo/share/my_box_bot_gazebo//models/autocar/meshes/fr_1.stl
[0.138s] -- Up-to-date: /home/ilya22/ros2_humble/src/my_box_bot_gazebo/install/my_box_bot_gazebo/share/my_box_bot_gazebo//models/autocar/meshes/bl_1.stl
[0.138s] -- Up-to-date: /home/ilya22/ros2_humble/src/my_box_bot_gazebo/install/my_box_bot_gazebo/share/my_box_bot_gazebo//models/autocar/meshes/spoiler_1.stl
[0.138s] -- Up-to-date: /home/ilya22/ros2_humble/src/my_box_bot_gazebo/install/my_box_bot_gazebo/share/my_box_bot_gazebo//models/autocar/meshes/fl_1.stl
[0.138s] -- Up-to-date: /home/ilya22/ros2_humble/src/my_box_bot_gazebo/install/my_box_bot_gazebo/share/my_box_bot_gazebo//models/autocar/meshes/chassis_link3.stl
[0.138s] -- Up-to-date: /home/ilya22/ros2_humble/src/my_box_bot_gazebo/install/my_box_bot_gazebo/share/ament_index/resource_index/package_run_dependencies/my_box_bot_gazebo
[0.138s] -- Up-to-date: /home/ilya22/ros2_humble/src/my_box_bot_gazebo/install/my_box_bot_gazebo/share/ament_index/resource_index/parent_prefix_path/my_box_bot_gazebo
[0.138s] -- Up-to-date: /home/ilya22/ros2_humble/src/my_box_bot_gazebo/install/my_box_bot_gazebo/share/my_box_bot_gazebo/environment/ament_prefix_path.sh
[0.138s] -- Up-to-date: /home/ilya22/ros2_humble/src/my_box_bot_gazebo/install/my_box_bot_gazebo/share/my_box_bot_gazebo/environment/ament_prefix_path.dsv
[0.138s] -- Up-to-date: /home/ilya22/ros2_humble/src/my_box_bot_gazebo/install/my_box_bot_gazebo/share/my_box_bot_gazebo/environment/path.sh
[0.138s] -- Up-to-date: /home/ilya22/ros2_humble/src/my_box_bot_gazebo/install/my_box_bot_gazebo/share/my_box_bot_gazebo/environment/path.dsv
[0.138s] -- Up-to-date: /home/ilya22/ros2_humble/src/my_box_bot_gazebo/install/my_box_bot_gazebo/share/my_box_bot_gazebo/local_setup.bash
[0.138s] -- Up-to-date: /home/ilya22/ros2_humble/src/my_box_bot_gazebo/install/my_box_bot_gazebo/share/my_box_bot_gazebo/local_setup.sh
[0.138s] -- Up-to-date: /home/ilya22/ros2_humble/src/my_box_bot_gazebo/install/my_box_bot_gazebo/share/my_box_bot_gazebo/local_setup.zsh
[0.138s] -- Up-to-date: /home/ilya22/ros2_humble/src/my_box_bot_gazebo/install/my_box_bot_gazebo/share/my_box_bot_gazebo/local_setup.dsv
[0.139s] -- Up-to-date: /home/ilya22/ros2_humble/src/my_box_bot_gazebo/install/my_box_bot_gazebo/share/my_box_bot_gazebo/package.dsv
[0.139s] -- Up-to-date: /home/ilya22/ros2_humble/src/my_box_bot_gazebo/install/my_box_bot_gazebo/share/ament_index/resource_index/packages/my_box_bot_gazebo
[0.139s] -- Up-to-date: /home/ilya22/ros2_humble/src/my_box_bot_gazebo/install/my_box_bot_gazebo/share/my_box_bot_gazebo/cmake/my_box_bot_gazeboConfig.cmake
[0.139s] -- Up-to-date: /home/ilya22/ros2_humble/src/my_box_bot_gazebo/install/my_box_bot_gazebo/share/my_box_bot_gazebo/cmake/my_box_bot_gazeboConfig-version.cmake
[0.139s] -- Up-to-date: /home/ilya22/ros2_humble/src/my_box_bot_gazebo/install/my_box_bot_gazebo/share/my_box_bot_gazebo/package.xml
[0.139s] Invoked command in '/home/ilya22/ros2_humble/src/my_box_bot_gazebo/build/my_box_bot_gazebo' returned '0': CMAKE_PREFIX_PATH=${CMAKE_PREFIX_PATH}:/home/ilya22/ros2_humble/install/gazebo_noiser:/opt/ros/humble /usr/bin/cmake --install /home/ilya22/ros2_humble/src/my_box_bot_gazebo/build/my_box_bot_gazebo
