[0.012s] Invoking command in '/home/ilya22/ros2_humble/src/my_box_bot_gazebo/build/my_box_bot_gazebo': CMAKE_PREFIX_PATH=${CMAKE_PREFIX_PATH}:/home/ilya22/ros2_humble/install/robocross:/home/ilya22/ros2_humble/install/gazebo_noiser:/opt/ros/humble /usr/bin/cmake --build /home/ilya22/ros2_humble/src/my_box_bot_gazebo/build/my_box_bot_gazebo -- -j16 -l16
[0.057s] -- Found ament_cmake: 1.3.3 (/opt/ros/humble/share/ament_cmake/cmake)
[0.261s] -- Found rclpy: 3.3.5 (/opt/ros/humble/share/rclpy/cmake)
[0.261s] -- Found ament_lint_auto: 0.12.4 (/opt/ros/humble/share/ament_lint_auto/cmake)
[0.340s] -- Added test 'cppcheck' to perform static code analysis on C / C++ code
[0.340s] -- Configured cppcheck include dirs: 
[0.340s] -- Configured cppcheck exclude dirs and/or files: 
[0.343s] -- Added test 'flake8' to check Python code syntax and style conventions
[0.348s] -- Added test 'lint_cmake' to check CMake code style
[0.351s] -- Added test 'pep257' to check Python code against some of the docstring style conventions in PEP 257
[0.369s] -- Added test 'uncrustify' to check C / C++ code style
[0.369s] -- Configured uncrustify additional arguments: 
[0.372s] -- Added test 'xmllint' to check XML markup files
[0.373s] -- Configuring done
[0.380s] -- Generating done
[0.385s] -- Build files have been written to: /home/ilya22/ros2_humble/src/my_box_bot_gazebo/build/my_box_bot_gazebo
[0.403s] Invoked command in '/home/ilya22/ros2_humble/src/my_box_bot_gazebo/build/my_box_bot_gazebo' returned '0': CMAKE_PREFIX_PATH=${CMAKE_PREFIX_PATH}:/home/ilya22/ros2_humble/install/robocross:/home/ilya22/ros2_humble/install/gazebo_noiser:/opt/ros/humble /usr/bin/cmake --build /home/ilya22/ros2_humble/src/my_box_bot_gazebo/build/my_box_bot_gazebo -- -j16 -l16
[0.449s] Invoking command in '/home/ilya22/ros2_humble/src/my_box_bot_gazebo/build/my_box_bot_gazebo': CMAKE_PREFIX_PATH=${CMAKE_PREFIX_PATH}:/home/ilya22/ros2_humble/install/robocross:/home/ilya22/ros2_humble/install/gazebo_noiser:/opt/ros/humble /usr/bin/cmake --install /home/ilya22/ros2_humble/src/my_box_bot_gazebo/build/my_box_bot_gazebo
[0.455s] -- Install configuration: ""
[0.455s] -- Installing: /home/ilya22/ros2_humble/src/my_box_bot_gazebo/install/my_box_bot_gazebo/share/my_box_bot_gazebo//launch
[0.455s] -- Installing: /home/ilya22/ros2_humble/src/my_box_bot_gazebo/install/my_box_bot_gazebo/share/my_box_bot_gazebo//launch/start_world.launch.py
[0.455s] -- Installing: /home/ilya22/ros2_humble/src/my_box_bot_gazebo/install/my_box_bot_gazebo/share/my_box_bot_gazebo//worlds
[0.455s] -- Installing: /home/ilya22/ros2_humble/src/my_box_bot_gazebo/install/my_box_bot_gazebo/share/my_box_bot_gazebo//worlds/box_bot_empty.world
[0.455s] -- Installing: /home/ilya22/ros2_humble/src/my_box_bot_gazebo/install/my_box_bot_gazebo/share/my_box_bot_gazebo//models
[0.456s] -- Installing: /home/ilya22/ros2_humble/src/my_box_bot_gazebo/install/my_box_bot_gazebo/share/my_box_bot_gazebo//models/box_room
[0.456s] -- Installing: /home/ilya22/ros2_humble/src/my_box_bot_gazebo/install/my_box_bot_gazebo/share/my_box_bot_gazebo//models/box_room/model.sdf
[0.456s] -- Installing: /home/ilya22/ros2_humble/src/my_box_bot_gazebo/install/my_box_bot_gazebo/share/my_box_bot_gazebo//models/box_room/model.config
[0.456s] -- Installing: /home/ilya22/ros2_humble/src/my_box_bot_gazebo/install/my_box_bot_gazebo/share/my_box_bot_gazebo//models/box_room/meshes
[0.456s] -- Installing: /home/ilya22/ros2_humble/src/my_box_bot_gazebo/install/my_box_bot_gazebo/share/my_box_bot_gazebo//models/box_room/meshes/box_room.dae
[0.456s] -- Installing: /home/ilya22/ros2_humble/src/my_box_bot_gazebo/install/my_box_bot_gazebo/share/my_box_bot_gazebo//models/box_room/meshes/chambre.png
[0.456s] -- Up-to-date: /home/ilya22/ros2_humble/src/my_box_bot_gazebo/install/my_box_bot_gazebo/share/ament_index/resource_index/package_run_dependencies/my_box_bot_gazebo
[0.456s] -- Up-to-date: /home/ilya22/ros2_humble/src/my_box_bot_gazebo/install/my_box_bot_gazebo/share/ament_index/resource_index/parent_prefix_path/my_box_bot_gazebo
[0.456s] -- Up-to-date: /home/ilya22/ros2_humble/src/my_box_bot_gazebo/install/my_box_bot_gazebo/share/my_box_bot_gazebo/environment/ament_prefix_path.sh
[0.457s] -- Installing: /home/ilya22/ros2_humble/src/my_box_bot_gazebo/install/my_box_bot_gazebo/share/my_box_bot_gazebo/environment/ament_prefix_path.dsv
[0.457s] -- Up-to-date: /home/ilya22/ros2_humble/src/my_box_bot_gazebo/install/my_box_bot_gazebo/share/my_box_bot_gazebo/environment/path.sh
[0.457s] -- Installing: /home/ilya22/ros2_humble/src/my_box_bot_gazebo/install/my_box_bot_gazebo/share/my_box_bot_gazebo/environment/path.dsv
[0.457s] -- Up-to-date: /home/ilya22/ros2_humble/src/my_box_bot_gazebo/install/my_box_bot_gazebo/share/my_box_bot_gazebo/local_setup.bash
[0.457s] -- Up-to-date: /home/ilya22/ros2_humble/src/my_box_bot_gazebo/install/my_box_bot_gazebo/share/my_box_bot_gazebo/local_setup.sh
[0.457s] -- Up-to-date: /home/ilya22/ros2_humble/src/my_box_bot_gazebo/install/my_box_bot_gazebo/share/my_box_bot_gazebo/local_setup.zsh
[0.457s] -- Installing: /home/ilya22/ros2_humble/src/my_box_bot_gazebo/install/my_box_bot_gazebo/share/my_box_bot_gazebo/local_setup.dsv
[0.457s] -- Installing: /home/ilya22/ros2_humble/src/my_box_bot_gazebo/install/my_box_bot_gazebo/share/my_box_bot_gazebo/package.dsv
[0.457s] -- Up-to-date: /home/ilya22/ros2_humble/src/my_box_bot_gazebo/install/my_box_bot_gazebo/share/ament_index/resource_index/packages/my_box_bot_gazebo
[0.458s] -- Up-to-date: /home/ilya22/ros2_humble/src/my_box_bot_gazebo/install/my_box_bot_gazebo/share/my_box_bot_gazebo/cmake/my_box_bot_gazeboConfig.cmake
[0.458s] -- Up-to-date: /home/ilya22/ros2_humble/src/my_box_bot_gazebo/install/my_box_bot_gazebo/share/my_box_bot_gazebo/cmake/my_box_bot_gazeboConfig-version.cmake
[0.458s] -- Up-to-date: /home/ilya22/ros2_humble/src/my_box_bot_gazebo/install/my_box_bot_gazebo/share/my_box_bot_gazebo/package.xml
[0.459s] Invoked command in '/home/ilya22/ros2_humble/src/my_box_bot_gazebo/build/my_box_bot_gazebo' returned '0': CMAKE_PREFIX_PATH=${CMAKE_PREFIX_PATH}:/home/ilya22/ros2_humble/install/robocross:/home/ilya22/ros2_humble/install/gazebo_noiser:/opt/ros/humble /usr/bin/cmake --install /home/ilya22/ros2_humble/src/my_box_bot_gazebo/build/my_box_bot_gazebo
