-- Found ament_cmake: 1.3.3 (/opt/ros/humble/share/ament_cmake/cmake)
-- Found rclpy: 3.3.5 (/opt/ros/humble/share/rclpy/cmake)
-- Found gazebo_ros: 3.7.0 (/opt/ros/humble/share/gazebo_ros/cmake)
-- Found rosidl_generator_c: 3.1.4 (/opt/ros/humble/share/rosidl_generator_c/cmake)
-- Found rosidl_adapter: 3.1.4 (/opt/ros/humble/share/rosidl_adapter/cmake)
-- Found rosidl_generator_cpp: 3.1.4 (/opt/ros/humble/share/rosidl_generator_cpp/cmake)
-- Using all available rosidl_typesupport_c: rosidl_typesupport_fastrtps_c;rosidl_typesupport_introspection_c
-- Using all available rosidl_typesupport_cpp: rosidl_typesupport_fastrtps_cpp;rosidl_typesupport_introspection_cpp
-- Found rmw_implementation_cmake: 6.1.1 (/opt/ros/humble/share/rmw_implementation_cmake/cmake)
-- Found rmw_fastrtps_cpp: 6.2.2 (/opt/ros/humble/share/rmw_fastrtps_cpp/cmake)
-- Using RMW implementation 'rmw_fastrtps_cpp' as default
-- Found DART: /usr/include (Required is at least version "6.6") found components: dart 
-- Found Protobuf: /usr/lib/x86_64-linux-gnu/libprotobuf.so (found version "3.12.4") 
-- Looking for ignition-math6 -- found version 6.12.0
-- Searching for dependencies of ignition-math6
-- Looking for OGRE...
-- Found Ogre Ghadamon (1.9.0)
-- Found OGRE: optimized;/usr/lib/x86_64-linux-gnu/libOgreMain.so;debug;/usr/lib/x86_64-linux-gnu/libOgreMain.so
-- Looking for OGRE_Paging...
-- Found OGRE_Paging: optimized;/usr/lib/x86_64-linux-gnu/libOgrePaging.so;debug;/usr/lib/x86_64-linux-gnu/libOgrePaging.so
-- Looking for OGRE_Terrain...
-- Found OGRE_Terrain: optimized;/usr/lib/x86_64-linux-gnu/libOgreTerrain.so;debug;/usr/lib/x86_64-linux-gnu/libOgreTerrain.so
-- Looking for OGRE_Property...
-- Found OGRE_Property: optimized;/usr/lib/x86_64-linux-gnu/libOgreProperty.so;debug;/usr/lib/x86_64-linux-gnu/libOgreProperty.so
-- Looking for OGRE_RTShaderSystem...
-- Found OGRE_RTShaderSystem: optimized;/usr/lib/x86_64-linux-gnu/libOgreRTShaderSystem.so;debug;/usr/lib/x86_64-linux-gnu/libOgreRTShaderSystem.so
-- Looking for OGRE_Volume...
-- Found OGRE_Volume: optimized;/usr/lib/x86_64-linux-gnu/libOgreVolume.so;debug;/usr/lib/x86_64-linux-gnu/libOgreVolume.so
-- Looking for OGRE_Overlay...
-- Found OGRE_Overlay: optimized;/usr/lib/x86_64-linux-gnu/libOgreOverlay.so;debug;/usr/lib/x86_64-linux-gnu/libOgreOverlay.so
-- Looking for ignition-math6 -- found version 6.12.0
-- Looking for ignition-transport8 -- found version 8.2.1
-- Searching for dependencies of ignition-transport8
-- Found Protobuf: /usr/lib/x86_64-linux-gnu/libprotobuf.so (found suitable version "3.12.4", minimum required is "3") 
-- Config-file not installed for ZeroMQ -- checking for pkg-config
-- Checking for module 'libzmq >= 4'
--   Found libzmq , version 4.3.4
-- Checking for module 'uuid'
--   Found uuid, version 2.37.2
-- Looking for ignition-msgs5 -- found version 5.8.1
-- Searching for dependencies of ignition-msgs5
-- Looking for ignition-math6 -- found version 6.12.0
-- Checking for module 'tinyxml2'
--   Found tinyxml2, version 9.0.0
-- Looking for ignition-msgs5 -- found version 5.8.1
-- Looking for ignition-common3 -- found version 3.14.0
-- Searching for dependencies of ignition-common3
-- Looking for dlfcn.h - found
-- Looking for libdl - found
-- Searching for <ignition-common3> component [graphics]
-- Looking for ignition-common3-graphics -- found version 3.14.0
-- Searching for dependencies of ignition-common3-graphics
-- Looking for ignition-math6 -- found version 6.12.0
-- Looking for ignition-fuel_tools4 -- found version 4.4.0
-- Searching for dependencies of ignition-fuel_tools4
-- Checking for module 'jsoncpp'
--   Found jsoncpp, version 1.9.5
-- Checking for module 'libzip'
--   Found libzip, version 1.7.3
-- Looking for ignition-common3 -- found version 3.14.0
-- Looking for ignition-math6 -- found version 6.12.0
-- Looking for ignition-msgs5 -- found version 5.8.1
-- Gazebo version: 11.10
-- Found ament_lint_auto: 0.12.4 (/opt/ros/humble/share/ament_lint_auto/cmake)
-- Added test 'copyright' to check source files copyright and LICENSE
-- Added test 'cppcheck' to perform static code analysis on C / C++ code
-- Configured cppcheck include dirs: 
-- Configured cppcheck exclude dirs and/or files: 
-- Added test 'cpplint' to check C / C++ code against the Google style
-- Configured cpplint exclude dirs and/or files: 
-- Added test 'flake8' to check Python code syntax and style conventions
-- Added test 'lint_cmake' to check CMake code style
-- Added test 'pep257' to check Python code against some of the docstring style conventions in PEP 257
-- Added test 'uncrustify' to check C / C++ code style
-- Configured uncrustify additional arguments: 
-- Added test 'xmllint' to check XML markup files
-- Configuring done
-- Generating done
-- Build files have been written to: /home/ilya22/ros2_humble/src/my_box_bot_gazebo/build/my_box_bot_gazebo
-- Install configuration: ""
-- Installing: /home/ilya22/ros2_humble/src/my_box_bot_gazebo/install/my_box_bot_gazebo/lib/my_box_bot_gazebo/teleop.py
-- Installing: /home/ilya22/ros2_humble/src/my_box_bot_gazebo/install/my_box_bot_gazebo/lib/my_box_bot_gazebo/spawn_robot.py
-- Up-to-date: /home/ilya22/ros2_humble/src/my_box_bot_gazebo/install/my_box_bot_gazebo/share/my_box_bot_gazebo//launch
-- Installing: /home/ilya22/ros2_humble/src/my_box_bot_gazebo/install/my_box_bot_gazebo/share/my_box_bot_gazebo//launch/spawn_lidar.xml
-- Installing: /home/ilya22/ros2_humble/src/my_box_bot_gazebo/install/my_box_bot_gazebo/share/my_box_bot_gazebo//launch/start_world.launch.py
-- Up-to-date: /home/ilya22/ros2_humble/src/my_box_bot_gazebo/install/my_box_bot_gazebo/share/my_box_bot_gazebo//launch/spawn_robot_ros2.launch.xml
-- Up-to-date: /home/ilya22/ros2_humble/src/my_box_bot_gazebo/install/my_box_bot_gazebo/share/my_box_bot_gazebo//launch/spawn_robot_description.launch.py
-- Installing: /home/ilya22/ros2_humble/src/my_box_bot_gazebo/install/my_box_bot_gazebo/share/my_box_bot_gazebo//launch/publish_urdf.launch.py
-- Installing: /home/ilya22/ros2_humble/src/my_box_bot_gazebo/install/my_box_bot_gazebo/share/my_box_bot_gazebo//launch/start_gazebo_simulation.launch.py
-- Installing: /home/ilya22/ros2_humble/src/my_box_bot_gazebo/install/my_box_bot_gazebo/share/my_box_bot_gazebo//launch/robot_description_publisher.py
-- Up-to-date: /home/ilya22/ros2_humble/src/my_box_bot_gazebo/install/my_box_bot_gazebo/share/my_box_bot_gazebo//worlds
-- Installing: /home/ilya22/ros2_humble/src/my_box_bot_gazebo/install/my_box_bot_gazebo/share/my_box_bot_gazebo//worlds/autocar_city.world
-- Installing: /home/ilya22/ros2_humble/src/my_box_bot_gazebo/install/my_box_bot_gazebo/share/my_box_bot_gazebo//worlds/base.world
-- Installing: /home/ilya22/ros2_humble/src/my_box_bot_gazebo/install/my_box_bot_gazebo/share/my_box_bot_gazebo//worlds/world_robocross.world
-- Installing: /home/ilya22/ros2_humble/src/my_box_bot_gazebo/install/my_box_bot_gazebo/share/my_box_bot_gazebo//worlds/box_bot_empty.world
-- Up-to-date: /home/ilya22/ros2_humble/src/my_box_bot_gazebo/install/my_box_bot_gazebo/share/my_box_bot_gazebo//models
-- Up-to-date: /home/ilya22/ros2_humble/src/my_box_bot_gazebo/install/my_box_bot_gazebo/share/my_box_bot_gazebo//models/urdf_autocar
-- Up-to-date: /home/ilya22/ros2_humble/src/my_box_bot_gazebo/install/my_box_bot_gazebo/share/my_box_bot_gazebo//models/urdf_autocar/urdf
-- Up-to-date: /home/ilya22/ros2_humble/src/my_box_bot_gazebo/install/my_box_bot_gazebo/share/my_box_bot_gazebo//models/urdf_autocar/urdf/autocar.xacro
-- Up-to-date: /home/ilya22/ros2_humble/src/my_box_bot_gazebo/install/my_box_bot_gazebo/share/my_box_bot_gazebo//models/urdf_autocar/meshes
-- Up-to-date: /home/ilya22/ros2_humble/src/my_box_bot_gazebo/install/my_box_bot_gazebo/share/my_box_bot_gazebo//models/urdf_autocar/meshes/chassis_link.stl
-- Up-to-date: /home/ilya22/ros2_humble/src/my_box_bot_gazebo/install/my_box_bot_gazebo/share/my_box_bot_gazebo//models/urdf_autocar/meshes/br_1.stl
-- Up-to-date: /home/ilya22/ros2_humble/src/my_box_bot_gazebo/install/my_box_bot_gazebo/share/my_box_bot_gazebo//models/urdf_autocar/meshes/hokuyo.dae
-- Up-to-date: /home/ilya22/ros2_humble/src/my_box_bot_gazebo/install/my_box_bot_gazebo/share/my_box_bot_gazebo//models/urdf_autocar/meshes/fr_1.stl
-- Up-to-date: /home/ilya22/ros2_humble/src/my_box_bot_gazebo/install/my_box_bot_gazebo/share/my_box_bot_gazebo//models/urdf_autocar/meshes/bl_1.stl
-- Up-to-date: /home/ilya22/ros2_humble/src/my_box_bot_gazebo/install/my_box_bot_gazebo/share/my_box_bot_gazebo//models/urdf_autocar/meshes/lds.dae
-- Up-to-date: /home/ilya22/ros2_humble/src/my_box_bot_gazebo/install/my_box_bot_gazebo/share/my_box_bot_gazebo//models/urdf_autocar/meshes/chassis_link2.stl
-- Up-to-date: /home/ilya22/ros2_humble/src/my_box_bot_gazebo/install/my_box_bot_gazebo/share/my_box_bot_gazebo//models/urdf_autocar/meshes/tire.dae
-- Up-to-date: /home/ilya22/ros2_humble/src/my_box_bot_gazebo/install/my_box_bot_gazebo/share/my_box_bot_gazebo//models/urdf_autocar/meshes/fl_1.stl
-- Up-to-date: /home/ilya22/ros2_humble/src/my_box_bot_gazebo/install/my_box_bot_gazebo/share/my_box_bot_gazebo//models/box_room
-- Up-to-date: /home/ilya22/ros2_humble/src/my_box_bot_gazebo/install/my_box_bot_gazebo/share/my_box_bot_gazebo//models/box_room/model.sdf
-- Up-to-date: /home/ilya22/ros2_humble/src/my_box_bot_gazebo/install/my_box_bot_gazebo/share/my_box_bot_gazebo//models/box_room/model.config
-- Up-to-date: /home/ilya22/ros2_humble/src/my_box_bot_gazebo/install/my_box_bot_gazebo/share/my_box_bot_gazebo//models/box_room/meshes
-- Up-to-date: /home/ilya22/ros2_humble/src/my_box_bot_gazebo/install/my_box_bot_gazebo/share/my_box_bot_gazebo//models/box_room/meshes/box_room.dae
-- Up-to-date: /home/ilya22/ros2_humble/src/my_box_bot_gazebo/install/my_box_bot_gazebo/share/my_box_bot_gazebo//models/box_room/meshes/chambre.png
-- Up-to-date: /home/ilya22/ros2_humble/src/my_box_bot_gazebo/install/my_box_bot_gazebo/share/my_box_bot_gazebo//models/prius
-- Up-to-date: /home/ilya22/ros2_humble/src/my_box_bot_gazebo/install/my_box_bot_gazebo/share/my_box_bot_gazebo//models/prius/package.xml
-- Up-to-date: /home/ilya22/ros2_humble/src/my_box_bot_gazebo/install/my_box_bot_gazebo/share/my_box_bot_gazebo//models/prius/urdf
-- Installing: /home/ilya22/ros2_humble/src/my_box_bot_gazebo/install/my_box_bot_gazebo/share/my_box_bot_gazebo//models/prius/urdf/prius.sdf
-- Installing: /home/ilya22/ros2_humble/src/my_box_bot_gazebo/install/my_box_bot_gazebo/share/my_box_bot_gazebo//models/prius/urdf/prius.urdf
-- Up-to-date: /home/ilya22/ros2_humble/src/my_box_bot_gazebo/install/my_box_bot_gazebo/share/my_box_bot_gazebo//models/prius/meshes
-- Up-to-date: /home/ilya22/ros2_humble/src/my_box_bot_gazebo/install/my_box_bot_gazebo/share/my_box_bot_gazebo//models/prius/meshes/Hybrid.png
-- Up-to-date: /home/ilya22/ros2_humble/src/my_box_bot_gazebo/install/my_box_bot_gazebo/share/my_box_bot_gazebo//models/prius/meshes/Hybrid_Interior.png
-- Up-to-date: /home/ilya22/ros2_humble/src/my_box_bot_gazebo/install/my_box_bot_gazebo/share/my_box_bot_gazebo//models/prius/meshes/wheel.mtl
-- Up-to-date: /home/ilya22/ros2_humble/src/my_box_bot_gazebo/install/my_box_bot_gazebo/share/my_box_bot_gazebo//models/prius/meshes/hybrid_body.obj
-- Up-to-date: /home/ilya22/ros2_humble/src/my_box_bot_gazebo/install/my_box_bot_gazebo/share/my_box_bot_gazebo//models/prius/meshes/Wheels3.png
-- Up-to-date: /home/ilya22/ros2_humble/src/my_box_bot_gazebo/install/my_box_bot_gazebo/share/my_box_bot_gazebo//models/prius/meshes/steering_wheel.obj
-- Up-to-date: /home/ilya22/ros2_humble/src/my_box_bot_gazebo/install/my_box_bot_gazebo/share/my_box_bot_gazebo//models/prius/meshes/hybrid_body.mtl
-- Up-to-date: /home/ilya22/ros2_humble/src/my_box_bot_gazebo/install/my_box_bot_gazebo/share/my_box_bot_gazebo//models/prius/meshes/steering_wheel.mtl
-- Up-to-date: /home/ilya22/ros2_humble/src/my_box_bot_gazebo/install/my_box_bot_gazebo/share/my_box_bot_gazebo//models/prius/meshes/wheel.obj
-- Installing: /home/ilya22/ros2_humble/src/my_box_bot_gazebo/install/my_box_bot_gazebo/share/my_box_bot_gazebo//models/velodyne
-- Installing: /home/ilya22/ros2_humble/src/my_box_bot_gazebo/install/my_box_bot_gazebo/share/my_box_bot_gazebo//models/velodyne/urdf
-- Installing: /home/ilya22/ros2_humble/src/my_box_bot_gazebo/install/my_box_bot_gazebo/share/my_box_bot_gazebo//models/velodyne/urdf/HDL-32E.xacro
-- Installing: /home/ilya22/ros2_humble/src/my_box_bot_gazebo/install/my_box_bot_gazebo/share/my_box_bot_gazebo//models/velodyne/urdf/xacro.py
-- Installing: /home/ilya22/ros2_humble/src/my_box_bot_gazebo/install/my_box_bot_gazebo/share/my_box_bot_gazebo//models/velodyne/urdf/HDL-32E.urdf.xacro
-- Installing: /home/ilya22/ros2_humble/src/my_box_bot_gazebo/install/my_box_bot_gazebo/share/my_box_bot_gazebo//models/velodyne/urdf/HDL-32E.sdf
-- Installing: /home/ilya22/ros2_humble/src/my_box_bot_gazebo/install/my_box_bot_gazebo/share/my_box_bot_gazebo//models/velodyne/urdf/xacro2urdf
-- Installing: /home/ilya22/ros2_humble/src/my_box_bot_gazebo/install/my_box_bot_gazebo/share/my_box_bot_gazebo//models/velodyne/urdf/xacro2urdf/__pycache__
-- Installing: /home/ilya22/ros2_humble/src/my_box_bot_gazebo/install/my_box_bot_gazebo/share/my_box_bot_gazebo//models/velodyne/urdf/xacro2urdf/__pycache__/xacro.cpython-310.pyc
-- Installing: /home/ilya22/ros2_humble/src/my_box_bot_gazebo/install/my_box_bot_gazebo/share/my_box_bot_gazebo//models/velodyne/urdf/xacro2urdf/test_xacro.py
-- Installing: /home/ilya22/ros2_humble/src/my_box_bot_gazebo/install/my_box_bot_gazebo/share/my_box_bot_gazebo//models/velodyne/urdf/xacro2urdf/abb_irb4600_support
-- Installing: /home/ilya22/ros2_humble/src/my_box_bot_gazebo/install/my_box_bot_gazebo/share/my_box_bot_gazebo//models/velodyne/urdf/xacro2urdf/abb_irb4600_support/package.xml
-- Installing: /home/ilya22/ros2_humble/src/my_box_bot_gazebo/install/my_box_bot_gazebo/share/my_box_bot_gazebo//models/velodyne/urdf/xacro2urdf/abb_irb4600_support/CMakeLists.txt
-- Installing: /home/ilya22/ros2_humble/src/my_box_bot_gazebo/install/my_box_bot_gazebo/share/my_box_bot_gazebo//models/velodyne/urdf/xacro2urdf/abb_irb4600_support/tests
-- Installing: /home/ilya22/ros2_humble/src/my_box_bot_gazebo/install/my_box_bot_gazebo/share/my_box_bot_gazebo//models/velodyne/urdf/xacro2urdf/abb_irb4600_support/tests/roslaunch_test_irb4600_60_205.xml
-- Installing: /home/ilya22/ros2_humble/src/my_box_bot_gazebo/install/my_box_bot_gazebo/share/my_box_bot_gazebo//models/velodyne/urdf/xacro2urdf/abb_irb4600_support/urdf
-- Installing: /home/ilya22/ros2_humble/src/my_box_bot_gazebo/install/my_box_bot_gazebo/share/my_box_bot_gazebo//models/velodyne/urdf/xacro2urdf/abb_irb4600_support/urdf/irb4600_60_205.xacro
-- Installing: /home/ilya22/ros2_humble/src/my_box_bot_gazebo/install/my_box_bot_gazebo/share/my_box_bot_gazebo//models/velodyne/urdf/xacro2urdf/abb_irb4600_support/urdf/base_test1.urdf
-- Installing: /home/ilya22/ros2_humble/src/my_box_bot_gazebo/install/my_box_bot_gazebo/share/my_box_bot_gazebo//models/velodyne/urdf/xacro2urdf/abb_irb4600_support/urdf/dh2urdf.urdf
-- Installing: /home/ilya22/ros2_humble/src/my_box_bot_gazebo/install/my_box_bot_gazebo/share/my_box_bot_gazebo//models/velodyne/urdf/xacro2urdf/abb_irb4600_support/urdf/test_abb_4600_voxel.urdf
-- Installing: /home/ilya22/ros2_humble/src/my_box_bot_gazebo/install/my_box_bot_gazebo/share/my_box_bot_gazebo//models/velodyne/urdf/xacro2urdf/abb_irb4600_support/urdf/base_test.urdf
-- Installing: /home/ilya22/ros2_humble/src/my_box_bot_gazebo/install/my_box_bot_gazebo/share/my_box_bot_gazebo//models/velodyne/urdf/xacro2urdf/abb_irb4600_support/urdf/test_abb_4600.urdf
-- Installing: /home/ilya22/ros2_humble/src/my_box_bot_gazebo/install/my_box_bot_gazebo/share/my_box_bot_gazebo//models/velodyne/urdf/xacro2urdf/abb_irb4600_support/urdf/base.urdf
-- Installing: /home/ilya22/ros2_humble/src/my_box_bot_gazebo/install/my_box_bot_gazebo/share/my_box_bot_gazebo//models/velodyne/urdf/xacro2urdf/abb_irb4600_support/urdf/test_abb_4600_voxel1.urdf
-- Installing: /home/ilya22/ros2_humble/src/my_box_bot_gazebo/install/my_box_bot_gazebo/share/my_box_bot_gazebo//models/velodyne/urdf/xacro2urdf/abb_irb4600_support/urdf/irb4600_60_205_macro.xacro
-- Installing: /home/ilya22/ros2_humble/src/my_box_bot_gazebo/install/my_box_bot_gazebo/share/my_box_bot_gazebo//models/velodyne/urdf/xacro2urdf/abb_irb4600_support/config
-- Installing: /home/ilya22/ros2_humble/src/my_box_bot_gazebo/install/my_box_bot_gazebo/share/my_box_bot_gazebo//models/velodyne/urdf/xacro2urdf/abb_irb4600_support/config/joint_names_irb4600_60_205.yaml
-- Installing: /home/ilya22/ros2_humble/src/my_box_bot_gazebo/install/my_box_bot_gazebo/share/my_box_bot_gazebo//models/velodyne/urdf/xacro2urdf/abb_irb4600_support/xacro.py
-- Installing: /home/ilya22/ros2_humble/src/my_box_bot_gazebo/install/my_box_bot_gazebo/share/my_box_bot_gazebo//models/velodyne/urdf/xacro2urdf/abb_irb4600_support/test_abb_4600.urdf
-- Installing: /home/ilya22/ros2_humble/src/my_box_bot_gazebo/install/my_box_bot_gazebo/share/my_box_bot_gazebo//models/velodyne/urdf/xacro2urdf/abb_irb4600_support/launch
-- Installing: /home/ilya22/ros2_humble/src/my_box_bot_gazebo/install/my_box_bot_gazebo/share/my_box_bot_gazebo//models/velodyne/urdf/xacro2urdf/abb_irb4600_support/launch/robot_state_visualize_irb4600_60_205.launch
-- Installing: /home/ilya22/ros2_humble/src/my_box_bot_gazebo/install/my_box_bot_gazebo/share/my_box_bot_gazebo//models/velodyne/urdf/xacro2urdf/abb_irb4600_support/launch/robot_interface_download_irb4600_60_205.launch
-- Installing: /home/ilya22/ros2_humble/src/my_box_bot_gazebo/install/my_box_bot_gazebo/share/my_box_bot_gazebo//models/velodyne/urdf/xacro2urdf/abb_irb4600_support/launch/test_irb4600_60_205.launch
-- Installing: /home/ilya22/ros2_humble/src/my_box_bot_gazebo/install/my_box_bot_gazebo/share/my_box_bot_gazebo//models/velodyne/urdf/xacro2urdf/abb_irb4600_support/launch/load_irb4600_60_205.launch
-- Installing: /home/ilya22/ros2_humble/src/my_box_bot_gazebo/install/my_box_bot_gazebo/share/my_box_bot_gazebo//models/velodyne/urdf/xacro2urdf/abb_irb4600_support/meshes
-- Installing: /home/ilya22/ros2_humble/src/my_box_bot_gazebo/install/my_box_bot_gazebo/share/my_box_bot_gazebo//models/velodyne/urdf/xacro2urdf/abb_irb4600_support/meshes/irb4600_60_205
-- Installing: /home/ilya22/ros2_humble/src/my_box_bot_gazebo/install/my_box_bot_gazebo/share/my_box_bot_gazebo//models/velodyne/urdf/xacro2urdf/abb_irb4600_support/meshes/irb4600_60_205/collision
-- Installing: /home/ilya22/ros2_humble/src/my_box_bot_gazebo/install/my_box_bot_gazebo/share/my_box_bot_gazebo//models/velodyne/urdf/xacro2urdf/abb_irb4600_support/meshes/irb4600_60_205/collision/link_6.stl
-- Installing: /home/ilya22/ros2_humble/src/my_box_bot_gazebo/install/my_box_bot_gazebo/share/my_box_bot_gazebo//models/velodyne/urdf/xacro2urdf/abb_irb4600_support/meshes/irb4600_60_205/collision/link_3.stl
-- Installing: /home/ilya22/ros2_humble/src/my_box_bot_gazebo/install/my_box_bot_gazebo/share/my_box_bot_gazebo//models/velodyne/urdf/xacro2urdf/abb_irb4600_support/meshes/irb4600_60_205/collision/link_2.stl
-- Installing: /home/ilya22/ros2_humble/src/my_box_bot_gazebo/install/my_box_bot_gazebo/share/my_box_bot_gazebo//models/velodyne/urdf/xacro2urdf/abb_irb4600_support/meshes/irb4600_60_205/collision/base_link.stl
-- Installing: /home/ilya22/ros2_humble/src/my_box_bot_gazebo/install/my_box_bot_gazebo/share/my_box_bot_gazebo//models/velodyne/urdf/xacro2urdf/abb_irb4600_support/meshes/irb4600_60_205/collision/link_4.stl
-- Installing: /home/ilya22/ros2_humble/src/my_box_bot_gazebo/install/my_box_bot_gazebo/share/my_box_bot_gazebo//models/velodyne/urdf/xacro2urdf/abb_irb4600_support/meshes/irb4600_60_205/collision/link_1.stl
-- Installing: /home/ilya22/ros2_humble/src/my_box_bot_gazebo/install/my_box_bot_gazebo/share/my_box_bot_gazebo//models/velodyne/urdf/xacro2urdf/abb_irb4600_support/meshes/irb4600_60_205/collision/link_5.stl
-- Installing: /home/ilya22/ros2_humble/src/my_box_bot_gazebo/install/my_box_bot_gazebo/share/my_box_bot_gazebo//models/velodyne/urdf/xacro2urdf/abb_irb4600_support/meshes/irb4600_60_205/visual
-- Installing: /home/ilya22/ros2_humble/src/my_box_bot_gazebo/install/my_box_bot_gazebo/share/my_box_bot_gazebo//models/velodyne/urdf/xacro2urdf/abb_irb4600_support/meshes/irb4600_60_205/visual/link_6.stl
-- Installing: /home/ilya22/ros2_humble/src/my_box_bot_gazebo/install/my_box_bot_gazebo/share/my_box_bot_gazebo//models/velodyne/urdf/xacro2urdf/abb_irb4600_support/meshes/irb4600_60_205/visual/link_3.stl
-- Installing: /home/ilya22/ros2_humble/src/my_box_bot_gazebo/install/my_box_bot_gazebo/share/my_box_bot_gazebo//models/velodyne/urdf/xacro2urdf/abb_irb4600_support/meshes/irb4600_60_205/visual/link_2.stl
-- Installing: /home/ilya22/ros2_humble/src/my_box_bot_gazebo/install/my_box_bot_gazebo/share/my_box_bot_gazebo//models/velodyne/urdf/xacro2urdf/abb_irb4600_support/meshes/irb4600_60_205/visual/base_link.stl
-- Installing: /home/ilya22/ros2_humble/src/my_box_bot_gazebo/install/my_box_bot_gazebo/share/my_box_bot_gazebo//models/velodyne/urdf/xacro2urdf/abb_irb4600_support/meshes/irb4600_60_205/visual/link_4.stl
-- Installing: /home/ilya22/ros2_humble/src/my_box_bot_gazebo/install/my_box_bot_gazebo/share/my_box_bot_gazebo//models/velodyne/urdf/xacro2urdf/abb_irb4600_support/meshes/irb4600_60_205/visual/link_1.stl
-- Installing: /home/ilya22/ros2_humble/src/my_box_bot_gazebo/install/my_box_bot_gazebo/share/my_box_bot_gazebo//models/velodyne/urdf/xacro2urdf/abb_irb4600_support/meshes/irb4600_60_205/visual/link_5.stl
-- Installing: /home/ilya22/ros2_humble/src/my_box_bot_gazebo/install/my_box_bot_gazebo/share/my_box_bot_gazebo//models/velodyne/urdf/xacro2urdf/abb_irb4600_support/meshes/base
-- Installing: /home/ilya22/ros2_humble/src/my_box_bot_gazebo/install/my_box_bot_gazebo/share/my_box_bot_gazebo//models/velodyne/urdf/xacro2urdf/abb_irb4600_support/meshes/base/collision
-- Installing: /home/ilya22/ros2_humble/src/my_box_bot_gazebo/install/my_box_bot_gazebo/share/my_box_bot_gazebo//models/velodyne/urdf/xacro2urdf/abb_irb4600_support/meshes/base/collision/base.dae
-- Installing: /home/ilya22/ros2_humble/src/my_box_bot_gazebo/install/my_box_bot_gazebo/share/my_box_bot_gazebo//models/velodyne/urdf/xacro2urdf/abb_irb4600_support/meshes/base/collision/wheel_l2.stl
-- Installing: /home/ilya22/ros2_humble/src/my_box_bot_gazebo/install/my_box_bot_gazebo/share/my_box_bot_gazebo//models/velodyne/urdf/xacro2urdf/abb_irb4600_support/meshes/base/collision/base.stl
-- Installing: /home/ilya22/ros2_humble/src/my_box_bot_gazebo/install/my_box_bot_gazebo/share/my_box_bot_gazebo//models/velodyne/urdf/xacro2urdf/abb_irb4600_support/meshes/base/collision/wheel_r2.dae
-- Installing: /home/ilya22/ros2_humble/src/my_box_bot_gazebo/install/my_box_bot_gazebo/share/my_box_bot_gazebo//models/velodyne/urdf/xacro2urdf/abb_irb4600_support/meshes/base/collision/base_2180009.png
-- Installing: /home/ilya22/ros2_humble/src/my_box_bot_gazebo/install/my_box_bot_gazebo/share/my_box_bot_gazebo//models/velodyne/urdf/xacro2urdf/abb_irb4600_support/meshes/base/collision/wheel_r1.dae
-- Installing: /home/ilya22/ros2_humble/src/my_box_bot_gazebo/install/my_box_bot_gazebo/share/my_box_bot_gazebo//models/velodyne/urdf/xacro2urdf/abb_irb4600_support/meshes/base/collision/wheel_r2.stl
-- Installing: /home/ilya22/ros2_humble/src/my_box_bot_gazebo/install/my_box_bot_gazebo/share/my_box_bot_gazebo//models/velodyne/urdf/xacro2urdf/abb_irb4600_support/meshes/base/collision/wheel_l1.stl
-- Installing: /home/ilya22/ros2_humble/src/my_box_bot_gazebo/install/my_box_bot_gazebo/share/my_box_bot_gazebo//models/velodyne/urdf/xacro2urdf/abb_irb4600_support/meshes/base/collision/wheel_r1.stl
-- Installing: /home/ilya22/ros2_humble/src/my_box_bot_gazebo/install/my_box_bot_gazebo/share/my_box_bot_gazebo//models/velodyne/urdf/xacro2urdf/abb_irb4600_support/meshes/base/collision/wheel_l1.dae
-- Installing: /home/ilya22/ros2_humble/src/my_box_bot_gazebo/install/my_box_bot_gazebo/share/my_box_bot_gazebo//models/velodyne/urdf/xacro2urdf/abb_irb4600_support/meshes/base/collision/wheel_l2.dae
-- Installing: /home/ilya22/ros2_humble/src/my_box_bot_gazebo/install/my_box_bot_gazebo/share/my_box_bot_gazebo//models/velodyne/urdf/xacro2urdf/abb_irb4600_support/meshes/base/collision/whee_2180009.png
-- Installing: /home/ilya22/ros2_humble/src/my_box_bot_gazebo/install/my_box_bot_gazebo/share/my_box_bot_gazebo//models/velodyne/urdf/xacro2urdf/abb_irb4600_support/meshes/base/visual
-- Installing: /home/ilya22/ros2_humble/src/my_box_bot_gazebo/install/my_box_bot_gazebo/share/my_box_bot_gazebo//models/velodyne/urdf/xacro2urdf/abb_irb4600_support/meshes/base/visual/base.dae
-- Installing: /home/ilya22/ros2_humble/src/my_box_bot_gazebo/install/my_box_bot_gazebo/share/my_box_bot_gazebo//models/velodyne/urdf/xacro2urdf/abb_irb4600_support/meshes/base/visual/wheel_l2.stl
-- Installing: /home/ilya22/ros2_humble/src/my_box_bot_gazebo/install/my_box_bot_gazebo/share/my_box_bot_gazebo//models/velodyne/urdf/xacro2urdf/abb_irb4600_support/meshes/base/visual/base.stl
-- Installing: /home/ilya22/ros2_humble/src/my_box_bot_gazebo/install/my_box_bot_gazebo/share/my_box_bot_gazebo//models/velodyne/urdf/xacro2urdf/abb_irb4600_support/meshes/base/visual/wheel_r2.dae
-- Installing: /home/ilya22/ros2_humble/src/my_box_bot_gazebo/install/my_box_bot_gazebo/share/my_box_bot_gazebo//models/velodyne/urdf/xacro2urdf/abb_irb4600_support/meshes/base/visual/base_2180009.png
-- Installing: /home/ilya22/ros2_humble/src/my_box_bot_gazebo/install/my_box_bot_gazebo/share/my_box_bot_gazebo//models/velodyne/urdf/xacro2urdf/abb_irb4600_support/meshes/base/visual/wheel_r1.dae
-- Installing: /home/ilya22/ros2_humble/src/my_box_bot_gazebo/install/my_box_bot_gazebo/share/my_box_bot_gazebo//models/velodyne/urdf/xacro2urdf/abb_irb4600_support/meshes/base/visual/wheel_r2.stl
-- Installing: /home/ilya22/ros2_humble/src/my_box_bot_gazebo/install/my_box_bot_gazebo/share/my_box_bot_gazebo//models/velodyne/urdf/xacro2urdf/abb_irb4600_support/meshes/base/visual/wheel_l1.stl
-- Installing: /home/ilya22/ros2_humble/src/my_box_bot_gazebo/install/my_box_bot_gazebo/share/my_box_bot_gazebo//models/velodyne/urdf/xacro2urdf/abb_irb4600_support/meshes/base/visual/wheel_r1.stl
-- Installing: /home/ilya22/ros2_humble/src/my_box_bot_gazebo/install/my_box_bot_gazebo/share/my_box_bot_gazebo//models/velodyne/urdf/xacro2urdf/abb_irb4600_support/meshes/base/visual/wheel_l1.dae
-- Installing: /home/ilya22/ros2_humble/src/my_box_bot_gazebo/install/my_box_bot_gazebo/share/my_box_bot_gazebo//models/velodyne/urdf/xacro2urdf/abb_irb4600_support/meshes/base/visual/wheel_l2.dae
-- Installing: /home/ilya22/ros2_humble/src/my_box_bot_gazebo/install/my_box_bot_gazebo/share/my_box_bot_gazebo//models/velodyne/urdf/xacro2urdf/xacro.py
-- Installing: /home/ilya22/ros2_humble/src/my_box_bot_gazebo/install/my_box_bot_gazebo/share/my_box_bot_gazebo//models/velodyne/urdf/xacro2urdf/README.md
-- Installing: /home/ilya22/ros2_humble/src/my_box_bot_gazebo/install/my_box_bot_gazebo/share/my_box_bot_gazebo//models/velodyne/urdf/xacro2urdf/.git
-- Installing: /home/ilya22/ros2_humble/src/my_box_bot_gazebo/install/my_box_bot_gazebo/share/my_box_bot_gazebo//models/velodyne/urdf/xacro2urdf/.git/HEAD
-- Installing: /home/ilya22/ros2_humble/src/my_box_bot_gazebo/install/my_box_bot_gazebo/share/my_box_bot_gazebo//models/velodyne/urdf/xacro2urdf/.git/index
-- Installing: /home/ilya22/ros2_humble/src/my_box_bot_gazebo/install/my_box_bot_gazebo/share/my_box_bot_gazebo//models/velodyne/urdf/xacro2urdf/.git/config
-- Installing: /home/ilya22/ros2_humble/src/my_box_bot_gazebo/install/my_box_bot_gazebo/share/my_box_bot_gazebo//models/velodyne/urdf/xacro2urdf/.git/hooks
-- Installing: /home/ilya22/ros2_humble/src/my_box_bot_gazebo/install/my_box_bot_gazebo/share/my_box_bot_gazebo//models/velodyne/urdf/xacro2urdf/.git/hooks/pre-applypatch.sample
-- Installing: /home/ilya22/ros2_humble/src/my_box_bot_gazebo/install/my_box_bot_gazebo/share/my_box_bot_gazebo//models/velodyne/urdf/xacro2urdf/.git/hooks/commit-msg.sample
-- Installing: /home/ilya22/ros2_humble/src/my_box_bot_gazebo/install/my_box_bot_gazebo/share/my_box_bot_gazebo//models/velodyne/urdf/xacro2urdf/.git/hooks/update.sample
-- Installing: /home/ilya22/ros2_humble/src/my_box_bot_gazebo/install/my_box_bot_gazebo/share/my_box_bot_gazebo//models/velodyne/urdf/xacro2urdf/.git/hooks/pre-commit.sample
-- Installing: /home/ilya22/ros2_humble/src/my_box_bot_gazebo/install/my_box_bot_gazebo/share/my_box_bot_gazebo//models/velodyne/urdf/xacro2urdf/.git/hooks/pre-merge-commit.sample
-- Installing: /home/ilya22/ros2_humble/src/my_box_bot_gazebo/install/my_box_bot_gazebo/share/my_box_bot_gazebo//models/velodyne/urdf/xacro2urdf/.git/hooks/fsmonitor-watchman.sample
-- Installing: /home/ilya22/ros2_humble/src/my_box_bot_gazebo/install/my_box_bot_gazebo/share/my_box_bot_gazebo//models/velodyne/urdf/xacro2urdf/.git/hooks/prepare-commit-msg.sample
-- Installing: /home/ilya22/ros2_humble/src/my_box_bot_gazebo/install/my_box_bot_gazebo/share/my_box_bot_gazebo//models/velodyne/urdf/xacro2urdf/.git/hooks/pre-rebase.sample
-- Installing: /home/ilya22/ros2_humble/src/my_box_bot_gazebo/install/my_box_bot_gazebo/share/my_box_bot_gazebo//models/velodyne/urdf/xacro2urdf/.git/hooks/post-update.sample
-- Installing: /home/ilya22/ros2_humble/src/my_box_bot_gazebo/install/my_box_bot_gazebo/share/my_box_bot_gazebo//models/velodyne/urdf/xacro2urdf/.git/hooks/push-to-checkout.sample
-- Installing: /home/ilya22/ros2_humble/src/my_box_bot_gazebo/install/my_box_bot_gazebo/share/my_box_bot_gazebo//models/velodyne/urdf/xacro2urdf/.git/hooks/pre-receive.sample
-- Installing: /home/ilya22/ros2_humble/src/my_box_bot_gazebo/install/my_box_bot_gazebo/share/my_box_bot_gazebo//models/velodyne/urdf/xacro2urdf/.git/hooks/pre-push.sample
-- Installing: /home/ilya22/ros2_humble/src/my_box_bot_gazebo/install/my_box_bot_gazebo/share/my_box_bot_gazebo//models/velodyne/urdf/xacro2urdf/.git/hooks/applypatch-msg.sample
-- Installing: /home/ilya22/ros2_humble/src/my_box_bot_gazebo/install/my_box_bot_gazebo/share/my_box_bot_gazebo//models/velodyne/urdf/xacro2urdf/.git/refs
-- Installing: /home/ilya22/ros2_humble/src/my_box_bot_gazebo/install/my_box_bot_gazebo/share/my_box_bot_gazebo//models/velodyne/urdf/xacro2urdf/.git/refs/tags
-- Installing: /home/ilya22/ros2_humble/src/my_box_bot_gazebo/install/my_box_bot_gazebo/share/my_box_bot_gazebo//models/velodyne/urdf/xacro2urdf/.git/refs/remotes
-- Installing: /home/ilya22/ros2_humble/src/my_box_bot_gazebo/install/my_box_bot_gazebo/share/my_box_bot_gazebo//models/velodyne/urdf/xacro2urdf/.git/refs/remotes/origin
-- Installing: /home/ilya22/ros2_humble/src/my_box_bot_gazebo/install/my_box_bot_gazebo/share/my_box_bot_gazebo//models/velodyne/urdf/xacro2urdf/.git/refs/remotes/origin/HEAD
-- Installing: /home/ilya22/ros2_humble/src/my_box_bot_gazebo/install/my_box_bot_gazebo/share/my_box_bot_gazebo//models/velodyne/urdf/xacro2urdf/.git/refs/heads
-- Installing: /home/ilya22/ros2_humble/src/my_box_bot_gazebo/install/my_box_bot_gazebo/share/my_box_bot_gazebo//models/velodyne/urdf/xacro2urdf/.git/refs/heads/master
-- Installing: /home/ilya22/ros2_humble/src/my_box_bot_gazebo/install/my_box_bot_gazebo/share/my_box_bot_gazebo//models/velodyne/urdf/xacro2urdf/.git/logs
-- Installing: /home/ilya22/ros2_humble/src/my_box_bot_gazebo/install/my_box_bot_gazebo/share/my_box_bot_gazebo//models/velodyne/urdf/xacro2urdf/.git/logs/HEAD
-- Installing: /home/ilya22/ros2_humble/src/my_box_bot_gazebo/install/my_box_bot_gazebo/share/my_box_bot_gazebo//models/velodyne/urdf/xacro2urdf/.git/logs/refs
-- Installing: /home/ilya22/ros2_humble/src/my_box_bot_gazebo/install/my_box_bot_gazebo/share/my_box_bot_gazebo//models/velodyne/urdf/xacro2urdf/.git/logs/refs/remotes
-- Installing: /home/ilya22/ros2_humble/src/my_box_bot_gazebo/install/my_box_bot_gazebo/share/my_box_bot_gazebo//models/velodyne/urdf/xacro2urdf/.git/logs/refs/remotes/origin
-- Installing: /home/ilya22/ros2_humble/src/my_box_bot_gazebo/install/my_box_bot_gazebo/share/my_box_bot_gazebo//models/velodyne/urdf/xacro2urdf/.git/logs/refs/remotes/origin/HEAD
-- Installing: /home/ilya22/ros2_humble/src/my_box_bot_gazebo/install/my_box_bot_gazebo/share/my_box_bot_gazebo//models/velodyne/urdf/xacro2urdf/.git/logs/refs/heads
-- Installing: /home/ilya22/ros2_humble/src/my_box_bot_gazebo/install/my_box_bot_gazebo/share/my_box_bot_gazebo//models/velodyne/urdf/xacro2urdf/.git/logs/refs/heads/master
-- Installing: /home/ilya22/ros2_humble/src/my_box_bot_gazebo/install/my_box_bot_gazebo/share/my_box_bot_gazebo//models/velodyne/urdf/xacro2urdf/.git/branches
-- Installing: /home/ilya22/ros2_humble/src/my_box_bot_gazebo/install/my_box_bot_gazebo/share/my_box_bot_gazebo//models/velodyne/urdf/xacro2urdf/.git/info
-- Installing: /home/ilya22/ros2_humble/src/my_box_bot_gazebo/install/my_box_bot_gazebo/share/my_box_bot_gazebo//models/velodyne/urdf/xacro2urdf/.git/info/exclude
-- Installing: /home/ilya22/ros2_humble/src/my_box_bot_gazebo/install/my_box_bot_gazebo/share/my_box_bot_gazebo//models/velodyne/urdf/xacro2urdf/.git/description
-- Installing: /home/ilya22/ros2_humble/src/my_box_bot_gazebo/install/my_box_bot_gazebo/share/my_box_bot_gazebo//models/velodyne/urdf/xacro2urdf/.git/objects
-- Installing: /home/ilya22/ros2_humble/src/my_box_bot_gazebo/install/my_box_bot_gazebo/share/my_box_bot_gazebo//models/velodyne/urdf/xacro2urdf/.git/objects/info
-- Installing: /home/ilya22/ros2_humble/src/my_box_bot_gazebo/install/my_box_bot_gazebo/share/my_box_bot_gazebo//models/velodyne/urdf/xacro2urdf/.git/objects/pack
-- Installing: /home/ilya22/ros2_humble/src/my_box_bot_gazebo/install/my_box_bot_gazebo/share/my_box_bot_gazebo//models/velodyne/urdf/xacro2urdf/.git/objects/pack/pack-7e847be3dd3ab6740b613cfa591b8c41b14ac3db.idx
-- Installing: /home/ilya22/ros2_humble/src/my_box_bot_gazebo/install/my_box_bot_gazebo/share/my_box_bot_gazebo//models/velodyne/urdf/xacro2urdf/.git/objects/pack/pack-7e847be3dd3ab6740b613cfa591b8c41b14ac3db.pack
-- Installing: /home/ilya22/ros2_humble/src/my_box_bot_gazebo/install/my_box_bot_gazebo/share/my_box_bot_gazebo//models/velodyne/urdf/xacro2urdf/.git/packed-refs
-- Installing: /home/ilya22/ros2_humble/src/my_box_bot_gazebo/install/my_box_bot_gazebo/share/my_box_bot_gazebo//models/velodyne/urdf/xacro2urdf/.gitignore
-- Installing: /home/ilya22/ros2_humble/src/my_box_bot_gazebo/install/my_box_bot_gazebo/share/my_box_bot_gazebo//models/velodyne/urdf/HDL-32E.urdf
-- Installing: /home/ilya22/ros2_humble/src/my_box_bot_gazebo/install/my_box_bot_gazebo/share/my_box_bot_gazebo//models/velodyne/urdf/HDL-32E1.xacro
-- Up-to-date: /home/ilya22/ros2_humble/src/my_box_bot_gazebo/install/my_box_bot_gazebo/share/my_box_bot_gazebo//models/autocar
-- Installing: /home/ilya22/ros2_humble/src/my_box_bot_gazebo/install/my_box_bot_gazebo/share/my_box_bot_gazebo//models/autocar/model.sdf
-- Installing: /home/ilya22/ros2_humble/src/my_box_bot_gazebo/install/my_box_bot_gazebo/share/my_box_bot_gazebo//models/autocar/autocarlidar.urdf.xacro
-- Up-to-date: /home/ilya22/ros2_humble/src/my_box_bot_gazebo/install/my_box_bot_gazebo/share/my_box_bot_gazebo//models/autocar/model.config
-- Installing: /home/ilya22/ros2_humble/src/my_box_bot_gazebo/install/my_box_bot_gazebo/share/my_box_bot_gazebo//models/autocar/autocar.xacro
-- Up-to-date: /home/ilya22/ros2_humble/src/my_box_bot_gazebo/install/my_box_bot_gazebo/share/my_box_bot_gazebo//models/autocar/meshes
-- Up-to-date: /home/ilya22/ros2_humble/src/my_box_bot_gazebo/install/my_box_bot_gazebo/share/my_box_bot_gazebo//models/autocar/meshes/chassis_link.stl
-- Up-to-date: /home/ilya22/ros2_humble/src/my_box_bot_gazebo/install/my_box_bot_gazebo/share/my_box_bot_gazebo//models/autocar/meshes/br_1.stl
-- Installing: /home/ilya22/ros2_humble/src/my_box_bot_gazebo/install/my_box_bot_gazebo/share/my_box_bot_gazebo//models/autocar/meshes/hokuyo.dae
-- Up-to-date: /home/ilya22/ros2_humble/src/my_box_bot_gazebo/install/my_box_bot_gazebo/share/my_box_bot_gazebo//models/autocar/meshes/spoiler.stl
-- Up-to-date: /home/ilya22/ros2_humble/src/my_box_bot_gazebo/install/my_box_bot_gazebo/share/my_box_bot_gazebo//models/autocar/meshes/fr_1.stl
-- Up-to-date: /home/ilya22/ros2_humble/src/my_box_bot_gazebo/install/my_box_bot_gazebo/share/my_box_bot_gazebo//models/autocar/meshes/bl_1.stl
-- Installing: /home/ilya22/ros2_humble/src/my_box_bot_gazebo/install/my_box_bot_gazebo/share/my_box_bot_gazebo//models/autocar/meshes/lds.dae
-- Up-to-date: /home/ilya22/ros2_humble/src/my_box_bot_gazebo/install/my_box_bot_gazebo/share/my_box_bot_gazebo//models/autocar/meshes/spoiler_1.stl
-- Installing: /home/ilya22/ros2_humble/src/my_box_bot_gazebo/install/my_box_bot_gazebo/share/my_box_bot_gazebo//models/autocar/meshes/tire.dae
-- Up-to-date: /home/ilya22/ros2_humble/src/my_box_bot_gazebo/install/my_box_bot_gazebo/share/my_box_bot_gazebo//models/autocar/meshes/fl_1.stl
-- Up-to-date: /home/ilya22/ros2_humble/src/my_box_bot_gazebo/install/my_box_bot_gazebo/share/my_box_bot_gazebo//models/autocar/meshes/chassis_link3.stl
-- Installing: /home/ilya22/ros2_humble/src/my_box_bot_gazebo/install/my_box_bot_gazebo/share/my_box_bot_gazebo//models/autocar/meshes/wheel.obj
-- Installing: /home/ilya22/ros2_humble/src/my_box_bot_gazebo/install/my_box_bot_gazebo/share/my_box_bot_gazebo//models/autocar2
-- Installing: /home/ilya22/ros2_humble/src/my_box_bot_gazebo/install/my_box_bot_gazebo/share/my_box_bot_gazebo//models/autocar2/urdf
-- Installing: /home/ilya22/ros2_humble/src/my_box_bot_gazebo/install/my_box_bot_gazebo/share/my_box_bot_gazebo//models/autocar2/urdf/ngeeann_av.gazebo
-- Installing: /home/ilya22/ros2_humble/src/my_box_bot_gazebo/install/my_box_bot_gazebo/share/my_box_bot_gazebo//models/autocar2/urdf/camera.xacro
-- Installing: /home/ilya22/ros2_humble/src/my_box_bot_gazebo/install/my_box_bot_gazebo/share/my_box_bot_gazebo//models/autocar2/urdf/ngeeann_av.urdf
-- Installing: /home/ilya22/ros2_humble/src/my_box_bot_gazebo/install/my_box_bot_gazebo/share/my_box_bot_gazebo//models/autocar2/urdf/materials.xacro
-- Installing: /home/ilya22/ros2_humble/src/my_box_bot_gazebo/install/my_box_bot_gazebo/share/my_box_bot_gazebo//models/autocar2/urdf/ngeeann_av.trans
-- Installing: /home/ilya22/ros2_humble/src/my_box_bot_gazebo/install/my_box_bot_gazebo/share/my_box_bot_gazebo//models/autocar2/urdf/hokuyo.xacro
-- Installing: /home/ilya22/ros2_humble/src/my_box_bot_gazebo/install/my_box_bot_gazebo/share/my_box_bot_gazebo//models/autocar2/urdf/ngeeann_av.xacro
-- Installing: /home/ilya22/ros2_humble/src/my_box_bot_gazebo/install/my_box_bot_gazebo/share/my_box_bot_gazebo//rviz
-- Installing: /home/ilya22/ros2_humble/src/my_box_bot_gazebo/install/my_box_bot_gazebo/share/my_box_bot_gazebo//rviz/urdf.rviz
-- Installing: /home/ilya22/ros2_humble/src/my_box_bot_gazebo/install/my_box_bot_gazebo/share/my_box_bot_gazebo//rviz/view.rviz
-- Installing: /home/ilya22/ros2_humble/src/my_box_bot_gazebo/install/my_box_bot_gazebo/share/my_box_bot_gazebo//rviz/demo.rviz
-- Up-to-date: /home/ilya22/ros2_humble/src/my_box_bot_gazebo/install/my_box_bot_gazebo/share/ament_index/resource_index/package_run_dependencies/my_box_bot_gazebo
-- Installing: /home/ilya22/ros2_humble/src/my_box_bot_gazebo/install/my_box_bot_gazebo/share/ament_index/resource_index/parent_prefix_path/my_box_bot_gazebo
-- Up-to-date: /home/ilya22/ros2_humble/src/my_box_bot_gazebo/install/my_box_bot_gazebo/share/my_box_bot_gazebo/environment/ament_prefix_path.sh
-- Installing: /home/ilya22/ros2_humble/src/my_box_bot_gazebo/install/my_box_bot_gazebo/share/my_box_bot_gazebo/environment/ament_prefix_path.dsv
-- Up-to-date: /home/ilya22/ros2_humble/src/my_box_bot_gazebo/install/my_box_bot_gazebo/share/my_box_bot_gazebo/environment/path.sh
-- Installing: /home/ilya22/ros2_humble/src/my_box_bot_gazebo/install/my_box_bot_gazebo/share/my_box_bot_gazebo/environment/path.dsv
-- Up-to-date: /home/ilya22/ros2_humble/src/my_box_bot_gazebo/install/my_box_bot_gazebo/share/my_box_bot_gazebo/local_setup.bash
-- Up-to-date: /home/ilya22/ros2_humble/src/my_box_bot_gazebo/install/my_box_bot_gazebo/share/my_box_bot_gazebo/local_setup.sh
-- Up-to-date: /home/ilya22/ros2_humble/src/my_box_bot_gazebo/install/my_box_bot_gazebo/share/my_box_bot_gazebo/local_setup.zsh
-- Installing: /home/ilya22/ros2_humble/src/my_box_bot_gazebo/install/my_box_bot_gazebo/share/my_box_bot_gazebo/local_setup.dsv
-- Installing: /home/ilya22/ros2_humble/src/my_box_bot_gazebo/install/my_box_bot_gazebo/share/my_box_bot_gazebo/package.dsv
-- Up-to-date: /home/ilya22/ros2_humble/src/my_box_bot_gazebo/install/my_box_bot_gazebo/share/ament_index/resource_index/packages/my_box_bot_gazebo
-- Up-to-date: /home/ilya22/ros2_humble/src/my_box_bot_gazebo/install/my_box_bot_gazebo/share/my_box_bot_gazebo/cmake/my_box_bot_gazeboConfig.cmake
-- Up-to-date: /home/ilya22/ros2_humble/src/my_box_bot_gazebo/install/my_box_bot_gazebo/share/my_box_bot_gazebo/cmake/my_box_bot_gazeboConfig-version.cmake
-- Up-to-date: /home/ilya22/ros2_humble/src/my_box_bot_gazebo/install/my_box_bot_gazebo/share/my_box_bot_gazebo/package.xml
