[0.185s] DEBUG:colcon:Command line arguments: ['/usr/bin/colcon', 'build']
[0.185s] DEBUG:colcon:Parsed command line arguments: Namespace(log_base=None, log_level=None, verb_name='build', build_base='build', install_base='install', merge_install=False, symlink_install=False, test_result_base=None, continue_on_error=False, executor='parallel', parallel_workers=16, event_handlers=None, ignore_user_meta=False, metas=['./colcon.meta'], base_paths=['.'], packages_ignore=None, packages_ignore_regex=None, paths=None, packages_up_to=None, packages_up_to_regex=None, packages_above=None, packages_above_and_dependencies=None, packages_above_depth=None, packages_select_by_dep=None, packages_skip_by_dep=None, packages_skip_up_to=None, packages_select_build_failed=False, packages_skip_build_finished=False, packages_select_test_failures=False, packages_skip_test_passed=False, packages_select=None, packages_skip=None, packages_select_regex=None, packages_skip_regex=None, packages_start=None, packages_end=None, allow_overriding=[], cmake_args=None, cmake_target=None, cmake_target_skip_unavailable=False, cmake_clean_cache=False, cmake_clean_first=False, cmake_force_configure=False, ament_cmake_args=None, catkin_cmake_args=None, catkin_skip_building_tests=False, verb_parser=<colcon_defaults.argument_parser.defaults.DefaultArgumentsDecorator object at 0x7f5071d250c0>, verb_extension=<colcon_core.verb.build.BuildVerb object at 0x7f5071d24b50>, main=<bound method BuildVerb.main of <colcon_core.verb.build.BuildVerb object at 0x7f5071d24b50>>)
[0.230s] Level 1:colcon.colcon_core.package_discovery:discover_packages(colcon_meta) check parameters
[0.230s] Level 1:colcon.colcon_core.package_discovery:discover_packages(recursive) check parameters
[0.230s] Level 1:colcon.colcon_core.package_discovery:discover_packages(ignore) check parameters
[0.230s] Level 1:colcon.colcon_core.package_discovery:discover_packages(path) check parameters
[0.230s] Level 1:colcon.colcon_core.package_discovery:discover_packages(colcon_meta) discover
[0.230s] Level 1:colcon.colcon_core.package_discovery:discover_packages(recursive) discover
[0.231s] INFO:colcon.colcon_core.package_discovery:Crawling recursively for packages in '/home/ilya22/ros2_humble/src/my_box_bot_gazebo'
[0.231s] Level 1:colcon.colcon_core.package_identification:_identify(.) by extensions ['ignore', 'ignore_ament_install']
[0.231s] Level 1:colcon.colcon_core.package_identification:_identify(.) by extension 'ignore'
[0.231s] Level 1:colcon.colcon_core.package_identification:_identify(.) by extension 'ignore_ament_install'
[0.231s] Level 1:colcon.colcon_core.package_identification:_identify(.) by extensions ['colcon_pkg']
[0.231s] Level 1:colcon.colcon_core.package_identification:_identify(.) by extension 'colcon_pkg'
[0.231s] Level 1:colcon.colcon_core.package_identification:_identify(.) by extensions ['colcon_meta']
[0.231s] Level 1:colcon.colcon_core.package_identification:_identify(.) by extension 'colcon_meta'
[0.231s] Level 1:colcon.colcon_core.package_identification:_identify(.) by extensions ['ros']
[0.231s] Level 1:colcon.colcon_core.package_identification:_identify(.) by extension 'ros'
[0.248s] DEBUG:colcon.colcon_core.package_identification:Package '.' with type 'ros.ament_cmake' and name 'my_box_bot_gazebo'
[0.248s] Level 1:colcon.colcon_core.package_discovery:discover_packages(recursive) using defaults
[0.249s] Level 1:colcon.colcon_core.package_discovery:discover_packages(ignore) discover
[0.249s] Level 1:colcon.colcon_core.package_discovery:discover_packages(ignore) using defaults
[0.249s] Level 1:colcon.colcon_core.package_discovery:discover_packages(path) discover
[0.249s] Level 1:colcon.colcon_core.package_discovery:discover_packages(path) using defaults
[0.279s] Level 1:colcon.colcon_core.package_discovery:discover_packages(prefix_path) check parameters
[0.279s] Level 1:colcon.colcon_core.package_discovery:discover_packages(prefix_path) discover
[0.282s] DEBUG:colcon.colcon_installed_package_information.package_discovery:Found 2 installed packages in /home/ilya22/ros2_humble/install
[0.284s] DEBUG:colcon.colcon_installed_package_information.package_discovery:Found 374 installed packages in /opt/ros/humble
[0.286s] Level 1:colcon.colcon_core.package_discovery:discover_packages(prefix_path) using defaults
[0.369s] Level 5:colcon.colcon_core.verb:set package 'my_box_bot_gazebo' build argument 'cmake_args' from command line to 'None'
[0.369s] Level 5:colcon.colcon_core.verb:set package 'my_box_bot_gazebo' build argument 'cmake_target' from command line to 'None'
[0.369s] Level 5:colcon.colcon_core.verb:set package 'my_box_bot_gazebo' build argument 'cmake_target_skip_unavailable' from command line to 'False'
[0.369s] Level 5:colcon.colcon_core.verb:set package 'my_box_bot_gazebo' build argument 'cmake_clean_cache' from command line to 'False'
[0.369s] Level 5:colcon.colcon_core.verb:set package 'my_box_bot_gazebo' build argument 'cmake_clean_first' from command line to 'False'
[0.369s] Level 5:colcon.colcon_core.verb:set package 'my_box_bot_gazebo' build argument 'cmake_force_configure' from command line to 'False'
[0.369s] Level 5:colcon.colcon_core.verb:set package 'my_box_bot_gazebo' build argument 'ament_cmake_args' from command line to 'None'
[0.369s] Level 5:colcon.colcon_core.verb:set package 'my_box_bot_gazebo' build argument 'catkin_cmake_args' from command line to 'None'
[0.369s] Level 5:colcon.colcon_core.verb:set package 'my_box_bot_gazebo' build argument 'catkin_skip_building_tests' from command line to 'False'
[0.369s] DEBUG:colcon.colcon_core.verb:Building package 'my_box_bot_gazebo' with the following arguments: {'ament_cmake_args': None, 'build_base': '/home/ilya22/ros2_humble/src/my_box_bot_gazebo/build/my_box_bot_gazebo', 'catkin_cmake_args': None, 'catkin_skip_building_tests': False, 'cmake_args': None, 'cmake_clean_cache': False, 'cmake_clean_first': False, 'cmake_force_configure': False, 'cmake_target': None, 'cmake_target_skip_unavailable': False, 'install_base': '/home/ilya22/ros2_humble/src/my_box_bot_gazebo/install/my_box_bot_gazebo', 'merge_install': False, 'path': '/home/ilya22/ros2_humble/src/my_box_bot_gazebo', 'symlink_install': False, 'test_result_base': None}
[0.370s] INFO:colcon.colcon_core.executor:Executing jobs using 'parallel' executor
[0.375s] DEBUG:colcon.colcon_parallel_executor.executor.parallel:run_until_complete
[0.375s] INFO:colcon.colcon_ros.task.ament_cmake.build:Building ROS package in '/home/ilya22/ros2_humble/src/my_box_bot_gazebo' with build type 'ament_cmake'
[0.375s] INFO:colcon.colcon_cmake.task.cmake.build:Building CMake package in '/home/ilya22/ros2_humble/src/my_box_bot_gazebo'
[0.381s] INFO:colcon.colcon_core.plugin_system:Skipping extension 'colcon_core.shell.bat': Not used on non-Windows systems
[0.381s] INFO:colcon.colcon_core.shell:Skip shell extension 'powershell' for command environment: Not usable outside of PowerShell
[0.381s] DEBUG:colcon.colcon_core.shell:Skip shell extension 'dsv' for command environment
[0.398s] DEBUG:colcon.colcon_core.event_handler.log_command:Invoking command in '/home/ilya22/ros2_humble/src/my_box_bot_gazebo/build/my_box_bot_gazebo': CMAKE_PREFIX_PATH=${CMAKE_PREFIX_PATH}:/opt/ros/humble /usr/bin/cmake --build /home/ilya22/ros2_humble/src/my_box_bot_gazebo/build/my_box_bot_gazebo -- -j16 -l16
[2.870s] DEBUG:colcon.colcon_core.event_handler.log_command:Invoked command in '/home/ilya22/ros2_humble/src/my_box_bot_gazebo/build/my_box_bot_gazebo' returned '0': CMAKE_PREFIX_PATH=${CMAKE_PREFIX_PATH}:/opt/ros/humble /usr/bin/cmake --build /home/ilya22/ros2_humble/src/my_box_bot_gazebo/build/my_box_bot_gazebo -- -j16 -l16
[2.915s] DEBUG:colcon.colcon_core.event_handler.log_command:Invoking command in '/home/ilya22/ros2_humble/src/my_box_bot_gazebo/build/my_box_bot_gazebo': CMAKE_PREFIX_PATH=${CMAKE_PREFIX_PATH}:/opt/ros/humble /usr/bin/cmake --install /home/ilya22/ros2_humble/src/my_box_bot_gazebo/build/my_box_bot_gazebo
[3.107s] Level 1:colcon.colcon_core.environment:create_environment_scripts_only(my_box_bot_gazebo)
[3.109s] DEBUG:colcon.colcon_core.event_handler.log_command:Invoked command in '/home/ilya22/ros2_humble/src/my_box_bot_gazebo/build/my_box_bot_gazebo' returned '0': CMAKE_PREFIX_PATH=${CMAKE_PREFIX_PATH}:/opt/ros/humble /usr/bin/cmake --install /home/ilya22/ros2_humble/src/my_box_bot_gazebo/build/my_box_bot_gazebo
[3.118s] Level 1:colcon.colcon_core.environment:checking '/home/ilya22/ros2_humble/src/my_box_bot_gazebo/install/my_box_bot_gazebo' for CMake module files
[3.119s] Level 1:colcon.colcon_core.environment:checking '/home/ilya22/ros2_humble/src/my_box_bot_gazebo/install/my_box_bot_gazebo' for CMake config files
[3.120s] Level 1:colcon.colcon_core.shell:create_environment_hook('my_box_bot_gazebo', 'cmake_prefix_path')
[3.122s] INFO:colcon.colcon_core.shell:Creating environment hook '/home/ilya22/ros2_humble/src/my_box_bot_gazebo/install/my_box_bot_gazebo/share/my_box_bot_gazebo/hook/cmake_prefix_path.ps1'
[3.123s] INFO:colcon.colcon_core.shell:Creating environment descriptor '/home/ilya22/ros2_humble/src/my_box_bot_gazebo/install/my_box_bot_gazebo/share/my_box_bot_gazebo/hook/cmake_prefix_path.dsv'
[3.124s] INFO:colcon.colcon_core.shell:Creating environment hook '/home/ilya22/ros2_humble/src/my_box_bot_gazebo/install/my_box_bot_gazebo/share/my_box_bot_gazebo/hook/cmake_prefix_path.sh'
[3.126s] Level 1:colcon.colcon_core.environment:checking '/home/ilya22/ros2_humble/src/my_box_bot_gazebo/install/my_box_bot_gazebo/lib'
[3.126s] Level 1:colcon.colcon_core.environment:checking '/home/ilya22/ros2_humble/src/my_box_bot_gazebo/install/my_box_bot_gazebo/bin'
[3.126s] Level 1:colcon.colcon_core.environment:checking '/home/ilya22/ros2_humble/src/my_box_bot_gazebo/install/my_box_bot_gazebo/lib/pkgconfig/my_box_bot_gazebo.pc'
[3.127s] Level 1:colcon.colcon_core.environment:checking '/home/ilya22/ros2_humble/src/my_box_bot_gazebo/install/my_box_bot_gazebo/lib/python3.10/site-packages'
[3.127s] Level 1:colcon.colcon_core.environment:checking '/home/ilya22/ros2_humble/src/my_box_bot_gazebo/install/my_box_bot_gazebo/bin'
[3.130s] INFO:colcon.colcon_core.shell:Creating package script '/home/ilya22/ros2_humble/src/my_box_bot_gazebo/install/my_box_bot_gazebo/share/my_box_bot_gazebo/package.ps1'
[3.131s] INFO:colcon.colcon_core.shell:Creating package descriptor '/home/ilya22/ros2_humble/src/my_box_bot_gazebo/install/my_box_bot_gazebo/share/my_box_bot_gazebo/package.dsv'
[3.132s] INFO:colcon.colcon_core.shell:Creating package script '/home/ilya22/ros2_humble/src/my_box_bot_gazebo/install/my_box_bot_gazebo/share/my_box_bot_gazebo/package.sh'
[3.134s] INFO:colcon.colcon_core.shell:Creating package script '/home/ilya22/ros2_humble/src/my_box_bot_gazebo/install/my_box_bot_gazebo/share/my_box_bot_gazebo/package.bash'
[3.135s] INFO:colcon.colcon_core.shell:Creating package script '/home/ilya22/ros2_humble/src/my_box_bot_gazebo/install/my_box_bot_gazebo/share/my_box_bot_gazebo/package.zsh'
[3.136s] Level 1:colcon.colcon_core.environment:create_file_with_runtime_dependencies(/home/ilya22/ros2_humble/src/my_box_bot_gazebo/install/my_box_bot_gazebo/share/colcon-core/packages/my_box_bot_gazebo)
[3.169s] Level 1:colcon.colcon_core.environment:create_environment_scripts_only(my_box_bot_gazebo)
[3.172s] Level 1:colcon.colcon_core.environment:checking '/home/ilya22/ros2_humble/src/my_box_bot_gazebo/install/my_box_bot_gazebo' for CMake module files
[3.173s] Level 1:colcon.colcon_core.environment:checking '/home/ilya22/ros2_humble/src/my_box_bot_gazebo/install/my_box_bot_gazebo' for CMake config files
[3.174s] Level 1:colcon.colcon_core.shell:create_environment_hook('my_box_bot_gazebo', 'cmake_prefix_path')
[3.176s] INFO:colcon.colcon_core.shell:Creating environment hook '/home/ilya22/ros2_humble/src/my_box_bot_gazebo/install/my_box_bot_gazebo/share/my_box_bot_gazebo/hook/cmake_prefix_path.ps1'
[3.177s] INFO:colcon.colcon_core.shell:Creating environment descriptor '/home/ilya22/ros2_humble/src/my_box_bot_gazebo/install/my_box_bot_gazebo/share/my_box_bot_gazebo/hook/cmake_prefix_path.dsv'
[3.178s] INFO:colcon.colcon_core.shell:Creating environment hook '/home/ilya22/ros2_humble/src/my_box_bot_gazebo/install/my_box_bot_gazebo/share/my_box_bot_gazebo/hook/cmake_prefix_path.sh'
[3.179s] Level 1:colcon.colcon_core.environment:checking '/home/ilya22/ros2_humble/src/my_box_bot_gazebo/install/my_box_bot_gazebo/lib'
[3.179s] Level 1:colcon.colcon_core.environment:checking '/home/ilya22/ros2_humble/src/my_box_bot_gazebo/install/my_box_bot_gazebo/bin'
[3.179s] Level 1:colcon.colcon_core.environment:checking '/home/ilya22/ros2_humble/src/my_box_bot_gazebo/install/my_box_bot_gazebo/lib/pkgconfig/my_box_bot_gazebo.pc'
[3.179s] Level 1:colcon.colcon_core.environment:checking '/home/ilya22/ros2_humble/src/my_box_bot_gazebo/install/my_box_bot_gazebo/lib/python3.10/site-packages'
[3.180s] Level 1:colcon.colcon_core.environment:checking '/home/ilya22/ros2_humble/src/my_box_bot_gazebo/install/my_box_bot_gazebo/bin'
[3.182s] INFO:colcon.colcon_core.shell:Creating package script '/home/ilya22/ros2_humble/src/my_box_bot_gazebo/install/my_box_bot_gazebo/share/my_box_bot_gazebo/package.ps1'
[3.184s] INFO:colcon.colcon_core.shell:Creating package descriptor '/home/ilya22/ros2_humble/src/my_box_bot_gazebo/install/my_box_bot_gazebo/share/my_box_bot_gazebo/package.dsv'
[3.184s] INFO:colcon.colcon_core.shell:Creating package script '/home/ilya22/ros2_humble/src/my_box_bot_gazebo/install/my_box_bot_gazebo/share/my_box_bot_gazebo/package.sh'
[3.185s] INFO:colcon.colcon_core.shell:Creating package script '/home/ilya22/ros2_humble/src/my_box_bot_gazebo/install/my_box_bot_gazebo/share/my_box_bot_gazebo/package.bash'
[3.186s] INFO:colcon.colcon_core.shell:Creating package script '/home/ilya22/ros2_humble/src/my_box_bot_gazebo/install/my_box_bot_gazebo/share/my_box_bot_gazebo/package.zsh'
[3.186s] Level 1:colcon.colcon_core.environment:create_file_with_runtime_dependencies(/home/ilya22/ros2_humble/src/my_box_bot_gazebo/install/my_box_bot_gazebo/share/colcon-core/packages/my_box_bot_gazebo)
[3.187s] DEBUG:colcon.colcon_parallel_executor.executor.parallel:closing loop
[3.188s] DEBUG:colcon.colcon_parallel_executor.executor.parallel:loop closed
[3.188s] DEBUG:colcon.colcon_parallel_executor.executor.parallel:run_until_complete finished with '0'
[3.188s] DEBUG:colcon.colcon_core.event_reactor:joining thread
[3.199s] INFO:colcon.colcon_core.plugin_system:Skipping extension 'colcon_notification.desktop_notification.terminal_notifier': Not used on non-Darwin systems
[3.200s] INFO:colcon.colcon_core.plugin_system:Skipping extension 'colcon_notification.desktop_notification.win32': Not used on non-Windows systems
[3.200s] INFO:colcon.colcon_notification.desktop_notification:Sending desktop notification using 'notify2'
[3.218s] DEBUG:colcon.colcon_core.event_reactor:joined thread
[3.221s] INFO:colcon.colcon_core.shell:Creating prefix script '/home/ilya22/ros2_humble/src/my_box_bot_gazebo/install/local_setup.ps1'
[3.223s] INFO:colcon.colcon_core.shell:Creating prefix util module '/home/ilya22/ros2_humble/src/my_box_bot_gazebo/install/_local_setup_util_ps1.py'
[3.226s] INFO:colcon.colcon_core.shell:Creating prefix chain script '/home/ilya22/ros2_humble/src/my_box_bot_gazebo/install/setup.ps1'
[3.228s] INFO:colcon.colcon_core.shell:Creating prefix script '/home/ilya22/ros2_humble/src/my_box_bot_gazebo/install/local_setup.sh'
[3.230s] INFO:colcon.colcon_core.shell:Creating prefix util module '/home/ilya22/ros2_humble/src/my_box_bot_gazebo/install/_local_setup_util_sh.py'
[3.230s] INFO:colcon.colcon_core.shell:Creating prefix chain script '/home/ilya22/ros2_humble/src/my_box_bot_gazebo/install/setup.sh'
[3.233s] INFO:colcon.colcon_core.shell:Creating prefix script '/home/ilya22/ros2_humble/src/my_box_bot_gazebo/install/local_setup.bash'
[3.234s] INFO:colcon.colcon_core.shell:Creating prefix chain script '/home/ilya22/ros2_humble/src/my_box_bot_gazebo/install/setup.bash'
[3.236s] INFO:colcon.colcon_core.shell:Creating prefix script '/home/ilya22/ros2_humble/src/my_box_bot_gazebo/install/local_setup.zsh'
[3.237s] INFO:colcon.colcon_core.shell:Creating prefix chain script '/home/ilya22/ros2_humble/src/my_box_bot_gazebo/install/setup.zsh'
